#
# There is insufficient memory for the Java Runtime Environment to continue.
# Native memory allocation (mmap) failed to map 65536 bytes for Failed to commit metaspace.
# Possible reasons:
#   The system is out of physical RAM or swap space
#   The process is running with CompressedOops enabled, and the Java Heap may be blocking the growth of the native heap
# Possible solutions:
#   Reduce memory load on the system
#   Increase physical memory or swap space
#   Check if swap backing store is full
#   Decrease Java heap size (-Xmx/-Xms)
#   Decrease number of Java threads
#   Decrease Java thread stack sizes (-Xss)
#   Set larger code cache with -XX:ReservedCodeCacheSize=
#   JVM is running with Unscaled Compressed Oops mode in which the Java heap is
#     placed in the first 4GB address space. The Java Heap base address is the
#     maximum limit for the native heap growth. Please use -XX:HeapBaseMinAddress
#     to set the Java Heap base and to place the Java Heap above 4GB virtual address.
# This output file may be truncated or incomplete.
#
#  Out of Memory Error (virtualSpaceNode.cpp:112), pid=7916, tid=9796
#
# JRE version: Java(TM) SE Runtime Environment (21.0.1+12) (build 21.0.1+12-LTS-29)
# Java VM: Java HotSpot(TM) 64-Bit Server VM (21.0.1+12-LTS-29, mixed mode, tiered, compressed oops, compressed class ptrs, g1 gc, windows-amd64)
# No core dump will be written. Minidumps are not enabled by default on client versions of Windows
#

---------------  S U M M A R Y ------------

Command Line: -Dfile.encoding=UTF-8 --module-path=C:\Users\Afrotto\Documents\NetBeansProjects\Ticketing\build\classes ticketing.SignUp

Host: Intel(R) Core(TM) i3-7020U CPU @ 2.30GHz, 4 cores, 3G,  Windows 10 , 64 bit Build 19041 (10.0.19041.3636)
Time: Tue Dec 19 22:31:39 2023 Egypt Standard Time elapsed time: 0.206976 seconds (0d 0h 0m 0s)

---------------  T H R E A D  ---------------

Current thread (0x000001b598e03450):  JavaThread "main"             [_thread_in_vm, id=9796, stack(0x00000091b7a00000,0x00000091b7b00000) (1024K)]

Stack: [0x00000091b7a00000,0x00000091b7b00000]
Native frames: (J=compiled Java code, j=interpreted, Vv=VM code, C=native code)
V  [jvm.dll+0x6c9029]
V  [jvm.dll+0x854b81]
V  [jvm.dll+0x856e5e]
V  [jvm.dll+0x857543]
V  [jvm.dll+0x280c06]
V  [jvm.dll+0x8508ae]
V  [jvm.dll+0x66ca45]
V  [jvm.dll+0x66caaa]
V  [jvm.dll+0x66f2a6]
V  [jvm.dll+0x66f172]
V  [jvm.dll+0x66d41e]
V  [jvm.dll+0x26c581]
V  [jvm.dll+0x2184f7]
V  [jvm.dll+0x20dc4e]
V  [jvm.dll+0x5ac6dc]
V  [jvm.dll+0x21f67a]
V  [jvm.dll+0x7ccde1]
V  [jvm.dll+0x7cde45]
V  [jvm.dll+0x7ce3ef]
V  [jvm.dll+0x7ce098]
V  [jvm.dll+0x26ebdb]
V  [jvm.dll+0x26ee0a]
V  [jvm.dll+0x5cf3e7]
V  [jvm.dll+0x5d239f]
V  [jvm.dll+0x3d7360]
V  [jvm.dll+0x3d69dd]
C  0x000001b5aa9d9615

The last pc belongs to invokestatic (printed below).
Java frames: (J=compiled Java code, j=interpreted, Vv=VM code)
j  sun.nio.fs.WindowsFileSystem.getPath(Ljava/lang/String;[Ljava/lang/String;)Ljava/nio/file/Path;+102 java.base
j  java.nio.file.Path.of(Ljava/lang/String;[Ljava/lang/String;)Ljava/nio/file/Path;+5 java.base
j  jdk.internal.module.ModuleBootstrap.finderFor(Ljava/lang/String;)Ljava/lang/module/ModuleFinder;+65 java.base
j  jdk.internal.module.ModuleBootstrap.boot2()Ljava/lang/ModuleLayer;+8 java.base
j  jdk.internal.module.ModuleBootstrap.boot()Ljava/lang/ModuleLayer;+64 java.base
j  java.lang.System.initPhase2(ZZ)I+0 java.base
v  ~StubRoutines::call_stub 0x000001b5aa9c100d
invokestatic  184 invokestatic  [0x000001b5aa9d9560, 0x000001b5aa9d97f8]  664 bytes
[MachCode]
  0x000001b5aa9d9560: 4883 ec08 | c5fa 1104 | 24eb 1f48 | 83ec 10c5 | fb11 0424 | eb14 4883 | ec10 4889 | 0424 48c7 
  0x000001b5aa9d9580: 4424 0800 | 0000 00eb | 0150 4c89 | 6dc0 410f | b755 0148 | 8b4d d0c1 | e202 8b5c | d138 c1eb 
  0x000001b5aa9d95a0: 1081 e3ff | 0000 0081 | fbb8 0000 | 000f 84b4 | 0000 00bb | b800 0000 | e805 0000 | 00e9 9900 
  0x000001b5aa9d95c0: 0000 488b | d348 8d44 | 2408 4c89 | 6dc0 498b | cfc5 f877 | 4989 afa8 | 0300 0049 | 8987 9803 
  0x000001b5aa9d95e0: 0000 4883 | ec20 40f6 | c40f 0f84 | 1900 0000 | 4883 ec08 | 48b8 7069 | 1ef1 f87f | 0000 ffd0 
  0x000001b5aa9d9600: 4883 c408 | e90c 0000 | 0048 b870 | 691e f1f8 | 7f00 00ff | d048 83c4 | 2049 c787 | 9803 0000 
  0x000001b5aa9d9620: 0000 0000 | 49c7 87a8 | 0300 0000 | 0000 0049 | c787 a003 | 0000 0000 | 0000 c5f8 | 7749 837f 
  0x000001b5aa9d9640: 0800 0f84 | 0500 0000 | e9b3 78fe | ff4c 8b6d | c04c 8b75 | c84e 8d74 | f500 c341 | 0fb7 5501 
  0x000001b5aa9d9660: 488b 4dd0 | c1e2 0248 | 8b5c d140 | 488b 5b08 | 488b 5b08 | 488b 5b18 | 80bb 2001 | 0000 050f 
  0x000001b5aa9d9680: 840d 0000 | 004c 3bbb | 3001 0000 | 0f85 21ff | ffff 488b | 5cd1 408b | 54d1 50c1 | ea1c 49ba 
  0x000001b5aa9d96a0: 909e a5f1 | f87f 0000 | 498b 14d2 | 5248 8b45 | d848 85c0 | 0f84 1200 | 0000 4883 | 4008 0148 
  0x000001b5aa9d96c0: 8358 0800 | 4883 c010 | 4889 45d8 | 488b 45d8 | 4885 c00f | 8411 0100 | 0080 78f0 | 0a0f 8507 
  0x000001b5aa9d96e0: 0100 0048 | 83c0 084c | 8b68 f841 | 83ed 0041 | 83fd 020f | 8ce6 0000 | 004c 8b6b | 0845 0fb7 
  0x000001b5aa9d9700: 6d2e 4c2b | 2841 83ed | 014e 8b6c | ec08 4d85 | ed75 0748 | 8348 0801 | eb41 458b | 6d08 49c1 
  0x000001b5aa9d9720: e503 4c33 | 6808 49f7 | c5fc ffff | ff74 2c41 | f6c5 0275 | 2648 8378 | 0800 741b | 4883 7808 
  0x000001b5aa9d9740: 0174 144c | 3368 0849 | f7c5 fcff | ffff 740b | 4883 4808 | 02eb 044c | 8968 0848 | 83c0 104c 
  0x000001b5aa9d9760: 8b68 e841 | 83ed 0241 | 83fd 020f | 8c6e 0000 | 004c 8b6b | 0845 0fb7 | 6d2e 4c2b | 2841 83ed 
  0x000001b5aa9d9780: 014e 8b6c | ec08 4d85 | ed75 0748 | 8348 0801 | eb41 458b | 6d08 49c1 | e503 4c33 | 6808 49f7 
  0x000001b5aa9d97a0: c5fc ffff | ff74 2c41 | f6c5 0275 | 2648 8378 | 0800 741b | 4883 7808 | 0174 144c | 3368 0849 
  0x000001b5aa9d97c0: f7c5 fcff | ffff 740b | 4883 4808 | 02eb 044c | 8968 0848 | 83c0 104c | 8b68 d841 | 83ed 0441 
  0x000001b5aa9d97e0: c1e5 0349 | 03c5 4889 | 45d8 4c8d | 6c24 084c | 896d f0ff | 6350 6690 
[/MachCode]

---------------  P R O C E S S  ---------------

Threads class SMR info:
_java_thread_list=0x000001b5ba01e560, length=9, elements={
0x000001b598e03450, 0x000001b5b5d48b70, 0x000001b5b5d497d0, 0x000001b5ba01ae70,
0x000001b5ba01b8d0, 0x000001b5ba01c330, 0x000001b5ba01eda0, 0x000001b5b5d49e40,
0x000001b5ba07d740
}

Java Threads: ( => current thread )
=>0x000001b598e03450 JavaThread "main"                              [_thread_in_vm, id=9796, stack(0x00000091b7a00000,0x00000091b7b00000) (1024K)]
  0x000001b5b5d48b70 JavaThread "Reference Handler"          daemon [_thread_blocked, id=8284, stack(0x00000091b8200000,0x00000091b8300000) (1024K)]
  0x000001b5b5d497d0 JavaThread "Finalizer"                  daemon [_thread_blocked, id=8580, stack(0x00000091b8300000,0x00000091b8400000) (1024K)]
  0x000001b5ba01ae70 JavaThread "Signal Dispatcher"          daemon [_thread_blocked, id=1208, stack(0x00000091b8400000,0x00000091b8500000) (1024K)]
  0x000001b5ba01b8d0 JavaThread "Attach Listener"            daemon [_thread_blocked, id=2660, stack(0x00000091b8500000,0x00000091b8600000) (1024K)]
  0x000001b5ba01c330 JavaThread "Service Thread"             daemon [_thread_blocked, id=8640, stack(0x00000091b8600000,0x00000091b8700000) (1024K)]
  0x000001b5ba01eda0 JavaThread "Monitor Deflation Thread"   daemon [_thread_blocked, id=12752, stack(0x00000091b8700000,0x00000091b8800000) (1024K)]
  0x000001b5b5d49e40 JavaThread "C2 CompilerThread0"         daemon [_thread_blocked, id=9084, stack(0x00000091b8800000,0x00000091b8900000) (1024K)]
  0x000001b5ba07d740 JavaThread "C1 CompilerThread0"         daemon [_thread_blocked, id=11064, stack(0x00000091b8900000,0x00000091b8a00000) (1024K)]
Total: 9

Other Threads:
  0x000001b5b5cdff60 VMThread "VM Thread"                           [id=7308, stack(0x00000091b8100000,0x00000091b8200000) (1024K)]
  0x000001b59b0eaaa0 WatcherThread "VM Periodic Task Thread"        [id=9432, stack(0x00000091b8000000,0x00000091b8100000) (1024K)]
  0x000001b59b0785e0 WorkerThread "GC Thread#0"                     [id=13140, stack(0x00000091b7b00000,0x00000091b7c00000) (1024K)]
  0x000001b59b0813b0 ConcurrentGCThread "G1 Main Marker"            [id=3536, stack(0x00000091b7c00000,0x00000091b7d00000) (1024K)]
  0x000001b59b084080 WorkerThread "G1 Conc#0"                       [id=1288, stack(0x00000091b7d00000,0x00000091b7e00000) (1024K)]
  0x000001b59b0d82a0 ConcurrentGCThread "G1 Refine#0"               [id=4496, stack(0x00000091b7e00000,0x00000091b7f00000) (1024K)]
  0x000001b59b0d8e10 ConcurrentGCThread "G1 Service"                [id=10916, stack(0x00000091b7f00000,0x00000091b8000000) (1024K)]
Total: 7

Threads with active compile tasks:
Total: 0

VM state: not at safepoint (normal execution)

VM Mutex/Monitor currently owned by a thread:  ([mutex/lock_event])
[0x00007ff8f1a48578] Metaspace_lock - owner thread: 0x000001b598e03450

Heap address: 0x00000000c1e00000, size: 994 MB, Compressed Oops mode: 32-bit

CDS archive(s) not mapped
Compressed class space mapped at: 0x0000000100000000-0x0000000140000000, reserved size: 1073741824
Narrow klass base: 0x0000000000000000, Narrow klass shift: 3, Narrow klass range: 0x140000000

GC Precious Log:
 CardTable entry size: 512
 Card Set container configuration: InlinePtr #cards 5 size 8 Array Of Cards #cards 12 size 40 Howl #buckets 4 coarsen threshold 1843 Howl Bitmap #cards 512 size 80 coarsen threshold 460 Card regions per heap region 1 cards per card region 2048
 CPUs: 4 total, 4 available
 Memory: 3971M
 Large Page Support: Disabled
 NUMA Support: Disabled
 Compressed Oops: Enabled (32-bit)
 Heap Region Size: 1M
 Heap Min Capacity: 8M
 Heap Initial Capacity: 64M
 Heap Max Capacity: 994M
 Pre-touch: Disabled
 Parallel Workers: 4
 Concurrent Workers: 1
 Concurrent Refinement Workers: 4
 Periodic GC: Disabled

Heap:
 garbage-first heap   total 65536K, used 0K [0x00000000c1e00000, 0x0000000100000000)
  region size 1024K, 1 young (1024K), 0 survivors (0K)
 Metaspace       used 3447K, committed 3456K, reserved 1114112K
  class space    used 248K, committed 256K, reserved 1048576K

Heap Regions: E=young(eden), S=young(survivor), O=old, HS=humongous(starts), HC=humongous(continues), CS=collection set, F=free, TAMS=top-at-mark-start, PB=parsable bottom
|   0|0x00000000c1e00000, 0x00000000c1e00000, 0x00000000c1f00000|  0%| F|  |TAMS 0x00000000c1e00000| PB 0x00000000c1e00000| Untracked 
|   1|0x00000000c1f00000, 0x00000000c1f00000, 0x00000000c2000000|  0%| F|  |TAMS 0x00000000c1f00000| PB 0x00000000c1f00000| Untracked 
|   2|0x00000000c2000000, 0x00000000c2000000, 0x00000000c2100000|  0%| F|  |TAMS 0x00000000c2000000| PB 0x00000000c2000000| Untracked 
|   3|0x00000000c2100000, 0x00000000c2100000, 0x00000000c2200000|  0%| F|  |TAMS 0x00000000c2100000| PB 0x00000000c2100000| Untracked 
|   4|0x00000000c2200000, 0x00000000c2200000, 0x00000000c2300000|  0%| F|  |TAMS 0x00000000c2200000| PB 0x00000000c2200000| Untracked 
|   5|0x00000000c2300000, 0x00000000c2300000, 0x00000000c2400000|  0%| F|  |TAMS 0x00000000c2300000| PB 0x00000000c2300000| Untracked 
|   6|0x00000000c2400000, 0x00000000c2400000, 0x00000000c2500000|  0%| F|  |TAMS 0x00000000c2400000| PB 0x00000000c2400000| Untracked 
|   7|0x00000000c2500000, 0x00000000c2500000, 0x00000000c2600000|  0%| F|  |TAMS 0x00000000c2500000| PB 0x00000000c2500000| Untracked 
|   8|0x00000000c2600000, 0x00000000c2600000, 0x00000000c2700000|  0%| F|  |TAMS 0x00000000c2600000| PB 0x00000000c2600000| Untracked 
|   9|0x00000000c2700000, 0x00000000c2700000, 0x00000000c2800000|  0%| F|  |TAMS 0x00000000c2700000| PB 0x00000000c2700000| Untracked 
|  10|0x00000000c2800000, 0x00000000c2800000, 0x00000000c2900000|  0%| F|  |TAMS 0x00000000c2800000| PB 0x00000000c2800000| Untracked 
|  11|0x00000000c2900000, 0x00000000c2900000, 0x00000000c2a00000|  0%| F|  |TAMS 0x00000000c2900000| PB 0x00000000c2900000| Untracked 
|  12|0x00000000c2a00000, 0x00000000c2a00000, 0x00000000c2b00000|  0%| F|  |TAMS 0x00000000c2a00000| PB 0x00000000c2a00000| Untracked 
|  13|0x00000000c2b00000, 0x00000000c2b00000, 0x00000000c2c00000|  0%| F|  |TAMS 0x00000000c2b00000| PB 0x00000000c2b00000| Untracked 
|  14|0x00000000c2c00000, 0x00000000c2c00000, 0x00000000c2d00000|  0%| F|  |TAMS 0x00000000c2c00000| PB 0x00000000c2c00000| Untracked 
|  15|0x00000000c2d00000, 0x00000000c2d00000, 0x00000000c2e00000|  0%| F|  |TAMS 0x00000000c2d00000| PB 0x00000000c2d00000| Untracked 
|  16|0x00000000c2e00000, 0x00000000c2e00000, 0x00000000c2f00000|  0%| F|  |TAMS 0x00000000c2e00000| PB 0x00000000c2e00000| Untracked 
|  17|0x00000000c2f00000, 0x00000000c2f00000, 0x00000000c3000000|  0%| F|  |TAMS 0x00000000c2f00000| PB 0x00000000c2f00000| Untracked 
|  18|0x00000000c3000000, 0x00000000c3000000, 0x00000000c3100000|  0%| F|  |TAMS 0x00000000c3000000| PB 0x00000000c3000000| Untracked 
|  19|0x00000000c3100000, 0x00000000c3100000, 0x00000000c3200000|  0%| F|  |TAMS 0x00000000c3100000| PB 0x00000000c3100000| Untracked 
|  20|0x00000000c3200000, 0x00000000c3200000, 0x00000000c3300000|  0%| F|  |TAMS 0x00000000c3200000| PB 0x00000000c3200000| Untracked 
|  21|0x00000000c3300000, 0x00000000c3300000, 0x00000000c3400000|  0%| F|  |TAMS 0x00000000c3300000| PB 0x00000000c3300000| Untracked 
|  22|0x00000000c3400000, 0x00000000c3400000, 0x00000000c3500000|  0%| F|  |TAMS 0x00000000c3400000| PB 0x00000000c3400000| Untracked 
|  23|0x00000000c3500000, 0x00000000c3500000, 0x00000000c3600000|  0%| F|  |TAMS 0x00000000c3500000| PB 0x00000000c3500000| Untracked 
|  24|0x00000000c3600000, 0x00000000c3600000, 0x00000000c3700000|  0%| F|  |TAMS 0x00000000c3600000| PB 0x00000000c3600000| Untracked 
|  25|0x00000000c3700000, 0x00000000c3700000, 0x00000000c3800000|  0%| F|  |TAMS 0x00000000c3700000| PB 0x00000000c3700000| Untracked 
|  26|0x00000000c3800000, 0x00000000c3800000, 0x00000000c3900000|  0%| F|  |TAMS 0x00000000c3800000| PB 0x00000000c3800000| Untracked 
|  27|0x00000000c3900000, 0x00000000c3900000, 0x00000000c3a00000|  0%| F|  |TAMS 0x00000000c3900000| PB 0x00000000c3900000| Untracked 
|  28|0x00000000c3a00000, 0x00000000c3a00000, 0x00000000c3b00000|  0%| F|  |TAMS 0x00000000c3a00000| PB 0x00000000c3a00000| Untracked 
|  29|0x00000000c3b00000, 0x00000000c3b00000, 0x00000000c3c00000|  0%| F|  |TAMS 0x00000000c3b00000| PB 0x00000000c3b00000| Untracked 
|  30|0x00000000c3c00000, 0x00000000c3c00000, 0x00000000c3d00000|  0%| F|  |TAMS 0x00000000c3c00000| PB 0x00000000c3c00000| Untracked 
|  31|0x00000000c3d00000, 0x00000000c3d00000, 0x00000000c3e00000|  0%| F|  |TAMS 0x00000000c3d00000| PB 0x00000000c3d00000| Untracked 
|  32|0x00000000c3e00000, 0x00000000c3e00000, 0x00000000c3f00000|  0%| F|  |TAMS 0x00000000c3e00000| PB 0x00000000c3e00000| Untracked 
|  33|0x00000000c3f00000, 0x00000000c3f00000, 0x00000000c4000000|  0%| F|  |TAMS 0x00000000c3f00000| PB 0x00000000c3f00000| Untracked 
|  34|0x00000000c4000000, 0x00000000c4000000, 0x00000000c4100000|  0%| F|  |TAMS 0x00000000c4000000| PB 0x00000000c4000000| Untracked 
|  35|0x00000000c4100000, 0x00000000c4100000, 0x00000000c4200000|  0%| F|  |TAMS 0x00000000c4100000| PB 0x00000000c4100000| Untracked 
|  36|0x00000000c4200000, 0x00000000c4200000, 0x00000000c4300000|  0%| F|  |TAMS 0x00000000c4200000| PB 0x00000000c4200000| Untracked 
|  37|0x00000000c4300000, 0x00000000c4300000, 0x00000000c4400000|  0%| F|  |TAMS 0x00000000c4300000| PB 0x00000000c4300000| Untracked 
|  38|0x00000000c4400000, 0x00000000c4400000, 0x00000000c4500000|  0%| F|  |TAMS 0x00000000c4400000| PB 0x00000000c4400000| Untracked 
|  39|0x00000000c4500000, 0x00000000c4500000, 0x00000000c4600000|  0%| F|  |TAMS 0x00000000c4500000| PB 0x00000000c4500000| Untracked 
|  40|0x00000000c4600000, 0x00000000c4600000, 0x00000000c4700000|  0%| F|  |TAMS 0x00000000c4600000| PB 0x00000000c4600000| Untracked 
|  41|0x00000000c4700000, 0x00000000c4700000, 0x00000000c4800000|  0%| F|  |TAMS 0x00000000c4700000| PB 0x00000000c4700000| Untracked 
|  42|0x00000000c4800000, 0x00000000c4800000, 0x00000000c4900000|  0%| F|  |TAMS 0x00000000c4800000| PB 0x00000000c4800000| Untracked 
|  43|0x00000000c4900000, 0x00000000c4900000, 0x00000000c4a00000|  0%| F|  |TAMS 0x00000000c4900000| PB 0x00000000c4900000| Untracked 
|  44|0x00000000c4a00000, 0x00000000c4a00000, 0x00000000c4b00000|  0%| F|  |TAMS 0x00000000c4a00000| PB 0x00000000c4a00000| Untracked 
|  45|0x00000000c4b00000, 0x00000000c4b00000, 0x00000000c4c00000|  0%| F|  |TAMS 0x00000000c4b00000| PB 0x00000000c4b00000| Untracked 
|  46|0x00000000c4c00000, 0x00000000c4c00000, 0x00000000c4d00000|  0%| F|  |TAMS 0x00000000c4c00000| PB 0x00000000c4c00000| Untracked 
|  47|0x00000000c4d00000, 0x00000000c4d00000, 0x00000000c4e00000|  0%| F|  |TAMS 0x00000000c4d00000| PB 0x00000000c4d00000| Untracked 
|  48|0x00000000c4e00000, 0x00000000c4e00000, 0x00000000c4f00000|  0%| F|  |TAMS 0x00000000c4e00000| PB 0x00000000c4e00000| Untracked 
|  49|0x00000000c4f00000, 0x00000000c4f00000, 0x00000000c5000000|  0%| F|  |TAMS 0x00000000c4f00000| PB 0x00000000c4f00000| Untracked 
|  50|0x00000000c5000000, 0x00000000c5000000, 0x00000000c5100000|  0%| F|  |TAMS 0x00000000c5000000| PB 0x00000000c5000000| Untracked 
|  51|0x00000000c5100000, 0x00000000c5100000, 0x00000000c5200000|  0%| F|  |TAMS 0x00000000c5100000| PB 0x00000000c5100000| Untracked 
|  52|0x00000000c5200000, 0x00000000c5200000, 0x00000000c5300000|  0%| F|  |TAMS 0x00000000c5200000| PB 0x00000000c5200000| Untracked 
|  53|0x00000000c5300000, 0x00000000c5300000, 0x00000000c5400000|  0%| F|  |TAMS 0x00000000c5300000| PB 0x00000000c5300000| Untracked 
|  54|0x00000000c5400000, 0x00000000c5400000, 0x00000000c5500000|  0%| F|  |TAMS 0x00000000c5400000| PB 0x00000000c5400000| Untracked 
|  55|0x00000000c5500000, 0x00000000c5500000, 0x00000000c5600000|  0%| F|  |TAMS 0x00000000c5500000| PB 0x00000000c5500000| Untracked 
|  56|0x00000000c5600000, 0x00000000c5600000, 0x00000000c5700000|  0%| F|  |TAMS 0x00000000c5600000| PB 0x00000000c5600000| Untracked 
|  57|0x00000000c5700000, 0x00000000c5700000, 0x00000000c5800000|  0%| F|  |TAMS 0x00000000c5700000| PB 0x00000000c5700000| Untracked 
|  58|0x00000000c5800000, 0x00000000c5800000, 0x00000000c5900000|  0%| F|  |TAMS 0x00000000c5800000| PB 0x00000000c5800000| Untracked 
|  59|0x00000000c5900000, 0x00000000c5900000, 0x00000000c5a00000|  0%| F|  |TAMS 0x00000000c5900000| PB 0x00000000c5900000| Untracked 
|  60|0x00000000c5a00000, 0x00000000c5a00000, 0x00000000c5b00000|  0%| F|  |TAMS 0x00000000c5a00000| PB 0x00000000c5a00000| Untracked 
|  61|0x00000000c5b00000, 0x00000000c5b00000, 0x00000000c5c00000|  0%| F|  |TAMS 0x00000000c5b00000| PB 0x00000000c5b00000| Untracked 
|  62|0x00000000c5c00000, 0x00000000c5c00000, 0x00000000c5d00000|  0%| F|  |TAMS 0x00000000c5c00000| PB 0x00000000c5c00000| Untracked 
|  63|0x00000000c5d00000, 0x00000000c5dc7c30, 0x00000000c5e00000| 78%| E|  |TAMS 0x00000000c5d00000| PB 0x00000000c5d00000| Complete 

Card table byte_map: [0x000001b5b2690000,0x000001b5b2890000] _byte_map_base: 0x000001b5b2081000

Marking Bits: (CMBitMap*) 0x000001b59b078ce0
 Bits: [0x000001b5b2890000, 0x000001b5b3818000)

Polling page: 0x000001b598f40000

Metaspace:

Usage:
  Non-class:      3.12 MB used.
      Class:    248.08 KB used.
       Both:      3.37 MB used.

Virtual space:
  Non-class space:       64.00 MB reserved,       3.12 MB (  5%) committed,  1 nodes.
      Class space:        1.00 GB reserved,     256.00 KB ( <1%) committed,  1 nodes.
             Both:        1.06 GB reserved,       3.38 MB ( <1%) committed. 

Chunk freelists:
   Non-Class:  12.00 MB
       Class:  15.75 MB
        Both:  27.75 MB

MaxMetaspaceSize: unlimited
CompressedClassSpaceSize: 1.00 GB
Initial GC threshold: 21.00 MB
Current GC threshold: 21.00 MB
CDS: off
 - commit_granule_bytes: 65536.
 - commit_granule_words: 8192.
 - virtual_space_node_default_size: 8388608.
 - enlarge_chunks_in_place: 1.
 - use_allocation_guard: 0.


Internal statistics:

num_allocs_failed_limit: 0.
num_arena_births: 2.
num_arena_deaths: 0.
num_vsnodes_births: 2.
num_vsnodes_deaths: 0.
num_space_committed: 54.
num_space_uncommitted: 0.
num_chunks_returned_to_freelist: 0.
num_chunks_taken_from_freelist: 3.
num_chunk_merges: 0.
num_chunk_splits: 2.
num_chunks_enlarged: 0.
num_inconsistent_stats: 0.

CodeHeap 'non-profiled nmethods': size=120000Kb used=0Kb max_used=0Kb free=120000Kb
 bounds [0x000001b5aaf60000, 0x000001b5ab1d0000, 0x000001b5b2490000]
CodeHeap 'profiled nmethods': size=120000Kb used=4Kb max_used=4Kb free=119995Kb
 bounds [0x000001b5a3490000, 0x000001b5a3700000, 0x000001b5aa9c0000]
CodeHeap 'non-nmethods': size=5760Kb used=1143Kb max_used=1143Kb free=4616Kb
 bounds [0x000001b5aa9c0000, 0x000001b5aac30000, 0x000001b5aaf60000]
 total_blobs=287 nmethods=3 adapters=190
 compilation: enabled
              stopped_count=0, restarted_count=0
 full_count=0

Compilation events (6 events):
Event: 0.184 Thread 0x000001b5ba07d740    1       3       java.lang.Object::<init> (1 bytes)
Event: 0.185 Thread 0x000001b5ba07d740 nmethod 1 0x000001b5a3490010 code [0x000001b5a34901a0, 0x000001b5a34902b0]
Event: 0.195 Thread 0x000001b5ba07d740    2       3       java.lang.String::charAt (25 bytes)
Event: 0.196 Thread 0x000001b5ba07d740 nmethod 2 0x000001b5a3490390 code [0x000001b5a3490580, 0x000001b5a3490ad8]
Event: 0.196 Thread 0x000001b5ba07d740    3       3       java.lang.StringLatin1::charAt (15 bytes)
Event: 0.196 Thread 0x000001b5ba07d740 nmethod 3 0x000001b5a3490d10 code [0x000001b5a3490ec0, 0x000001b5a3491090]

GC Heap History (0 events):
No events

Dll operation events (2 events):
Event: 0.023 Loaded shared library C:\Program Files\Java\jdk-21\bin\java.dll
Event: 0.177 Loaded shared library C:\Program Files\Java\jdk-21\bin\jsvml.dll

Deoptimization events (0 events):
No events

Classes loaded (20 events):
Event: 0.200 Loading class sun/nio/fs/AbstractFileSystemProvider
Event: 0.200 Loading class java/nio/file/spi/FileSystemProvider
Event: 0.201 Loading class java/nio/file/spi/FileSystemProvider done
Event: 0.201 Loading class sun/nio/fs/AbstractFileSystemProvider done
Event: 0.201 Loading class sun/nio/fs/WindowsFileSystemProvider done
Event: 0.201 Loading class java/nio/file/StandardOpenOption
Event: 0.201 Loading class java/nio/file/OpenOption
Event: 0.201 Loading class java/nio/file/OpenOption done
Event: 0.201 Loading class java/nio/file/StandardOpenOption done
Event: 0.201 Loading class sun/nio/fs/WindowsFileSystem
Event: 0.202 Loading class java/nio/file/FileSystem
Event: 0.202 Loading class java/nio/file/FileSystem done
Event: 0.202 Loading class sun/nio/fs/WindowsFileSystem done
Event: 0.202 Loading class sun/nio/fs/WindowsPathParser
Event: 0.202 Loading class sun/nio/fs/WindowsPathParser done
Event: 0.203 Loading class sun/nio/fs/WindowsPathType
Event: 0.203 Loading class sun/nio/fs/WindowsPathType done
Event: 0.203 Loading class sun/nio/fs/WindowsPathParser$Result
Event: 0.203 Loading class sun/nio/fs/WindowsPathParser$Result done
Event: 0.203 Loading class sun/nio/fs/WindowsPath

Classes unloaded (0 events):
No events

Classes redefined (0 events):
No events

Internal exceptions (0 events):
No events

ZGC Phase Switch (0 events):
No events

VM Operations (0 events):
No events

Events (9 events):
Event: 0.038 Thread 0x000001b598e03450 Thread added: 0x000001b598e03450
Event: 0.169 Thread 0x000001b5b5d48b70 Thread added: 0x000001b5b5d48b70
Event: 0.169 Thread 0x000001b5b5d497d0 Thread added: 0x000001b5b5d497d0
Event: 0.173 Thread 0x000001b5ba01ae70 Thread added: 0x000001b5ba01ae70
Event: 0.173 Thread 0x000001b5ba01b8d0 Thread added: 0x000001b5ba01b8d0
Event: 0.173 Thread 0x000001b5ba01c330 Thread added: 0x000001b5ba01c330
Event: 0.173 Thread 0x000001b5ba01eda0 Thread added: 0x000001b5ba01eda0
Event: 0.173 Thread 0x000001b5b5d49e40 Thread added: 0x000001b5b5d49e40
Event: 0.179 Thread 0x000001b5ba07d740 Thread added: 0x000001b5ba07d740


Dynamic libraries:
0x00007ff7e6360000 - 0x00007ff7e6370000 	C:\Program Files\Java\jdk-21\bin\java.exe
0x00007ff92b6f0000 - 0x00007ff92b8e8000 	C:\Windows\SYSTEM32\ntdll.dll
0x00007ff92b5f0000 - 0x00007ff92b6ad000 	C:\Windows\System32\KERNEL32.DLL
0x00007ff9293d0000 - 0x00007ff9296c6000 	C:\Windows\System32\KERNELBASE.dll
0x00007ff929240000 - 0x00007ff929340000 	C:\Windows\System32\ucrtbase.dll
0x00007ff9265e0000 - 0x00007ff9265fb000 	C:\Program Files\Java\jdk-21\bin\VCRUNTIME140.dll
0x00007ff924750000 - 0x00007ff924769000 	C:\Program Files\Java\jdk-21\bin\jli.dll
0x00007ff92a5e0000 - 0x00007ff92a68f000 	C:\Windows\System32\ADVAPI32.dll
0x00007ff929d70000 - 0x00007ff929e0e000 	C:\Windows\System32\msvcrt.dll
0x00007ff92afc0000 - 0x00007ff92b05c000 	C:\Windows\System32\sechost.dll
0x00007ff92b4c0000 - 0x00007ff92b5e6000 	C:\Windows\System32\RPCRT4.dll
0x00007ff929bd0000 - 0x00007ff929d6e000 	C:\Windows\System32\USER32.dll
0x00007ff9296d0000 - 0x00007ff9296f2000 	C:\Windows\System32\win32u.dll
0x00007ff92b490000 - 0x00007ff92b4bc000 	C:\Windows\System32\GDI32.dll
0x00007ff928e40000 - 0x00007ff928f5a000 	C:\Windows\System32\gdi32full.dll
0x00007ff913960000 - 0x00007ff913bfa000 	C:\Windows\WinSxS\amd64_microsoft.windows.common-controls_6595b64144ccf1df_6.0.19041.3636_none_60b6a03d71f818d5\COMCTL32.dll
0x00007ff928f60000 - 0x00007ff928ffd000 	C:\Windows\System32\msvcp_win.dll
0x00007ff928940000 - 0x00007ff92894a000 	C:\Windows\SYSTEM32\VERSION.dll
0x00007ff92b180000 - 0x00007ff92b1b0000 	C:\Windows\System32\IMM32.DLL
0x0000000060080000 - 0x000000006008c000 	C:\Program Files (x86)\360\Total Security\safemon\SafeWrapper.dll
0x00007ff920b40000 - 0x00007ff920bd2000 	C:\Program Files (x86)\360\Total Security\safemon\libzdtp64.dll
0x00007ff929e90000 - 0x00007ff92a5d4000 	C:\Windows\System32\SHELL32.dll
0x00007ff92b430000 - 0x00007ff92b485000 	C:\Windows\System32\SHLWAPI.dll
0x00007ff9265d0000 - 0x00007ff9265dc000 	C:\Program Files\Java\jdk-21\bin\vcruntime140_1.dll
0x00007ff920a30000 - 0x00007ff920abe000 	C:\Program Files\Java\jdk-21\bin\msvcp140.dll
0x00007ff8f0e10000 - 0x00007ff8f1b25000 	C:\Program Files\Java\jdk-21\bin\server\jvm.dll
0x00007ff92af50000 - 0x00007ff92afbb000 	C:\Windows\System32\WS2_32.dll
0x00007ff913060000 - 0x00007ff913087000 	C:\Windows\SYSTEM32\WINMM.dll
0x00007ff9282d0000 - 0x00007ff92831b000 	C:\Windows\SYSTEM32\POWRPROF.dll
0x00007ff928140000 - 0x00007ff928152000 	C:\Windows\SYSTEM32\UMPDC.dll
0x00007ff926be0000 - 0x00007ff926bf2000 	C:\Windows\SYSTEM32\kernel.appcore.dll
0x00007ff926580000 - 0x00007ff92658a000 	C:\Program Files\Java\jdk-21\bin\jimage.dll
0x00007ff919570000 - 0x00007ff919754000 	C:\Windows\SYSTEM32\DBGHELP.DLL
0x00007ff917420000 - 0x00007ff917454000 	C:\Windows\SYSTEM32\dbgcore.DLL
0x00007ff929340000 - 0x00007ff9293c2000 	C:\Windows\System32\bcryptPrimitives.dll
0x00007ff922a00000 - 0x00007ff922a1f000 	C:\Program Files\Java\jdk-21\bin\java.dll
0x00007ff926de0000 - 0x00007ff92757b000 	C:\Windows\SYSTEM32\windows.storage.dll
0x00007ff92a910000 - 0x00007ff92ac64000 	C:\Windows\System32\combase.dll
0x00007ff9286c0000 - 0x00007ff9286ed000 	C:\Windows\SYSTEM32\Wldp.dll
0x00007ff92a740000 - 0x00007ff92a7ed000 	C:\Windows\System32\SHCORE.dll
0x00007ff928d00000 - 0x00007ff928d25000 	C:\Windows\SYSTEM32\profapi.dll
0x00007ff922920000 - 0x00007ff9229f7000 	C:\Program Files\Java\jdk-21\bin\jsvml.dll

dbghelp: loaded successfully - version: 4.0.5 - missing functions: none
symbol engine: initialized successfully - sym options: 0x614 - pdb path: .;C:\Program Files\Java\jdk-21\bin;C:\Windows\SYSTEM32;C:\Windows\WinSxS\amd64_microsoft.windows.common-controls_6595b64144ccf1df_6.0.19041.3636_none_60b6a03d71f818d5;C:\Program Files (x86)\360\Total Security\safemon;C:\Program Files\Java\jdk-21\bin\server

VM Arguments:
jvm_args: -Dfile.encoding=UTF-8 --module-path=C:\Users\Afrotto\Documents\NetBeansProjects\Ticketing\build\classes 
java_command: ticketing.SignUp
java_class_path (initial): C:\Program Files\NetBeans-19\netbeans\java\modules\ext\AbsoluteLayout.jar;C:\Users\Afrotto\Documents\NetBeansProjects\Ticketing\build\classes
Launcher Type: SUN_STANDARD

[Global flags]
     intx CICompilerCount                          = 3                                         {product} {ergonomic}
     uint ConcGCThreads                            = 1                                         {product} {ergonomic}
     uint G1ConcRefinementThreads                  = 4                                         {product} {ergonomic}
   size_t G1HeapRegionSize                         = 1048576                                   {product} {ergonomic}
    uintx GCDrainStackTargetSize                   = 64                                        {product} {ergonomic}
   size_t InitialHeapSize                          = 67108864                                  {product} {ergonomic}
   size_t MarkStackSize                            = 4194304                                   {product} {ergonomic}
   size_t MaxHeapSize                              = 1042284544                                {product} {ergonomic}
   size_t MaxNewSize                               = 624951296                                 {product} {ergonomic}
   size_t MinHeapDeltaBytes                        = 1048576                                   {product} {ergonomic}
   size_t MinHeapSize                              = 8388608                                   {product} {ergonomic}
    uintx NonNMethodCodeHeapSize                   = 5832780                                {pd product} {ergonomic}
    uintx NonProfiledCodeHeapSize                  = 122912730                              {pd product} {ergonomic}
    uintx ProfiledCodeHeapSize                     = 122912730                              {pd product} {ergonomic}
    uintx ReservedCodeCacheSize                    = 251658240                              {pd product} {ergonomic}
     bool SegmentedCodeCache                       = true                                      {product} {ergonomic}
   size_t SoftMaxHeapSize                          = 1042284544                             {manageable} {ergonomic}
     bool UseCompressedOops                        = true                           {product lp64_product} {ergonomic}
     bool UseG1GC                                  = true                                      {product} {ergonomic}
     bool UseLargePagesIndividualAllocation        = false                                  {pd product} {ergonomic}

Logging:
Log output configuration:
 #0: stdout all=warning uptime,level,tags foldmultilines=false
 #1: stderr all=off uptime,level,tags foldmultilines=false

Environment Variables:
PATH=C:\Program Files\Common Files\Oracle\Java\javapath;C:\Windows\system32;C:\Windows;C:\Windows\System32\Wbem;C:\Windows\System32\WindowsPowerShell\v1.0\;C:\MinGW\bin;D:\flutter course\flutter_windows_3.3.10-stable\flutter\bin;C:\Users\Afrotto\AppData\Local\Programs\Microsoft VS Code\bin;C:\src\flutter\bin;
USERNAME=Afrotto
OS=Windows_NT
PROCESSOR_IDENTIFIER=Intel64 Family 6 Model 142 Stepping 10, GenuineIntel
TMP=C:\Users\Afrotto\AppData\Local\Temp
TEMP=C:\Users\Afrotto\AppData\Local\Temp




Periodic native trim disabled

---------------  S Y S T E M  ---------------

OS:
 Windows 10 , 64 bit Build 19041 (10.0.19041.3636)
OS uptime: 0 days 0:31 hours
Hyper-V role detected

CPU: total 4 (initial active 4) (2 cores per cpu, 2 threads per core) family 6 model 142 stepping 10 microcode 0xb4, cx8, cmov, fxsr, ht, mmx, 3dnowpref, sse, sse2, sse3, ssse3, sse4.1, sse4.2, popcnt, lzcnt, tsc, tscinvbit, avx, avx2, aes, erms, clmul, bmi1, bmi2, adx, fma, vzeroupper, clflush, clflushopt, hv, rdtscp, f16c
Processor Information for all 4 processors :
  Max Mhz: 2304, Current Mhz: 2304, Mhz Limit: 2304

Memory: 4k page, system-wide physical 3971M (431M free)
TotalPageFile size 4778M (AvailPageFile size 3M)
current process WorkingSet (physical memory assigned to process): 24M, peak: 24M
current process commit charge ("private bytes"): 124M, peak: 130M

vm_info: Java HotSpot(TM) 64-Bit Server VM (21.0.1+12-LTS-29) for windows-amd64 JRE (21.0.1+12-LTS-29), built on 2023-10-05T13:27:09Z by "mach5one" with MS VC++ 17.1 (VS2022)

END.
