#
# There is insufficient memory for the Java Runtime Environment to continue.
# Native memory allocation (mmap) failed to map 67108864 bytes for G1 virtual space
# Possible reasons:
#   The system is out of physical RAM or swap space
#   The process is running with CompressedOops enabled, and the Java Heap may be blocking the growth of the native heap
# Possible solutions:
#   Reduce memory load on the system
#   Increase physical memory or swap space
#   Check if swap backing store is full
#   Decrease Java heap size (-Xmx/-Xms)
#   Decrease number of Java threads
#   Decrease Java thread stack sizes (-Xss)
#   Set larger code cache with -XX:ReservedCodeCacheSize=
#   JVM is running with Unscaled Compressed Oops mode in which the Java heap is
#     placed in the first 4GB address space. The Java Heap base address is the
#     maximum limit for the native heap growth. Please use -XX:HeapBaseMinAddress
#     to set the Java Heap base and to place the Java Heap above 4GB virtual address.
# This output file may be truncated or incomplete.
#
#  Out of Memory Error (os_windows.cpp:3600), pid=2560, tid=12604
#
# JRE version:  (21.0.1+12) (build )
# Java VM: Java HotSpot(TM) 64-Bit Server VM (21.0.1+12-LTS-29, mixed mode, sharing, tiered, compressed oops, compressed class ptrs, g1 gc, windows-amd64)
# No core dump will be written. Minidumps are not enabled by default on client versions of Windows
#

---------------  S U M M A R Y ------------

Command Line: -Dfile.encoding=UTF-8 --module-path=C:\Users\Afrotto\Documents\NetBeansProjects\Ticketing\build\classes ticketing.Ticketing

Host: Intel(R) Core(TM) i3-7020U CPU @ 2.30GHz, 4 cores, 3G,  Windows 10 , 64 bit Build 19041 (10.0.19041.3636)
Time: Mon Dec 18 00:50:21 2023 Egypt Standard Time elapsed time: 0.058479 seconds (0d 0h 0m 0s)

---------------  T H R E A D  ---------------

Current thread (0x0000020d76d15650):  JavaThread "Unknown thread" [_thread_in_vm, id=12604, stack(0x00000097f1700000,0x00000097f1800000) (1024K)]

Stack: [0x00000097f1700000,0x00000097f1800000]
Native frames: (J=compiled Java code, j=interpreted, Vv=VM code, C=native code)
V  [jvm.dll+0x6c9029]
V  [jvm.dll+0x854b81]
V  [jvm.dll+0x856e5e]
V  [jvm.dll+0x857543]
V  [jvm.dll+0x280c06]
V  [jvm.dll+0x6c5715]
V  [jvm.dll+0x6ba10a]
V  [jvm.dll+0x3557ea]
V  [jvm.dll+0x35d436]
V  [jvm.dll+0x3ae1be]
V  [jvm.dll+0x3ae468]
V  [jvm.dll+0x3291fc]
V  [jvm.dll+0x329d8b]
V  [jvm.dll+0x81d179]
V  [jvm.dll+0x3bb4f1]
V  [jvm.dll+0x805ae8]
V  [jvm.dll+0x44effe]
V  [jvm.dll+0x450901]
C  [jli.dll+0x52a3]
C  [ucrtbase.dll+0x21bb2]
C  [KERNEL32.DLL+0x17344]
C  [ntdll.dll+0x526b1]


---------------  P R O C E S S  ---------------

Threads class SMR info:
_java_thread_list=0x00007ffc65669b88, length=0, elements={
}

Java Threads: ( => current thread )
Total: 0

Other Threads:
  0x0000020d76d4a450 WorkerThread "GC Thread#0"                     [id=13640, stack(0x00000097f1800000,0x00000097f1900000) (1024K)]
  0x0000020d76d54140 ConcurrentGCThread "G1 Main Marker"            [id=13832, stack(0x00000097f1900000,0x00000097f1a00000) (1024K)]
  0x0000020d76d55760 WorkerThread "G1 Conc#0"                       [id=13412, stack(0x00000097f1a00000,0x00000097f1b00000) (1024K)]

[error occurred during error reporting (printing all threads), id 0xc0000005, EXCEPTION_ACCESS_VIOLATION (0xc0000005) at pc=0x00007ffc64ddc2c7]
VM state: not at safepoint (not fully initialized)

VM Mutex/Monitor currently owned by a thread:  ([mutex/lock_event])
[0x00007ffc656da6f8] Heap_lock - owner thread: 0x0000020d76d15650

Heap address: 0x00000000c1e00000, size: 994 MB, Compressed Oops mode: 32-bit

CDS archive(s) mapped at: [0x0000000000000000-0x0000000000000000-0x0000000000000000), size 0, SharedBaseAddress: 0x0000000800000000, ArchiveRelocationMode: 1.
Narrow klass base: 0x0000000000000000, Narrow klass shift: 0, Narrow klass range: 0x0

GC Precious Log:
 CardTable entry size: 512
 Card Set container configuration: InlinePtr #cards 5 size 8 Array Of Cards #cards 12 size 40 Howl #buckets 4 coarsen threshold 1843 Howl Bitmap #cards 512 size 80 coarsen threshold 460 Card regions per heap region 1 cards per card region 2048

Heap:
 garbage-first heap   total 0K, used 0K [0x00000000c1e00000, 0x0000000100000000)
  region size 1024K, 0 young (0K), 0 survivors (0K)

[error occurred during error reporting (printing heap information), id 0xc0000005, EXCEPTION_ACCESS_VIOLATION (0xc0000005) at pc=0x00007ffc651c1be9]
GC Heap History (0 events):
No events

Dll operation events (1 events):
Event: 0.031 Loaded shared library C:\Program Files\Java\jdk-21\bin\java.dll

Deoptimization events (0 events):
No events

Classes loaded (0 events):
No events

Classes unloaded (0 events):
No events

Classes redefined (0 events):
No events

Internal exceptions (0 events):
No events

ZGC Phase Switch (0 events):
No events

VM Operations (0 events):
No events

Events (0 events):
No events


Dynamic libraries:
0x00007ff63c0c0000 - 0x00007ff63c0d0000 	C:\Program Files\Java\jdk-21\bin\java.exe
0x00007ffc9b9d0000 - 0x00007ffc9bbc8000 	C:\Windows\SYSTEM32\ntdll.dll
0x00007ffc9b420000 - 0x00007ffc9b4dd000 	C:\Windows\System32\KERNEL32.DLL
0x00007ffc99590000 - 0x00007ffc99886000 	C:\Windows\System32\KERNELBASE.dll
0x00007ffc99160000 - 0x00007ffc99260000 	C:\Windows\System32\ucrtbase.dll
0x00007ffc92f00000 - 0x00007ffc92f1b000 	C:\Program Files\Java\jdk-21\bin\VCRUNTIME140.dll
0x00007ffc88f70000 - 0x00007ffc88f89000 	C:\Program Files\Java\jdk-21\bin\jli.dll
0x00007ffc9b7a0000 - 0x00007ffc9b84f000 	C:\Windows\System32\ADVAPI32.dll
0x00007ffc9a580000 - 0x00007ffc9a61e000 	C:\Windows\System32\msvcrt.dll
0x00007ffc9b700000 - 0x00007ffc9b79c000 	C:\Windows\System32\sechost.dll
0x00007ffc9a3e0000 - 0x00007ffc9a506000 	C:\Windows\System32\RPCRT4.dll
0x00007ffc99af0000 - 0x00007ffc99c8e000 	C:\Windows\System32\USER32.dll
0x00007ffc990e0000 - 0x00007ffc99102000 	C:\Windows\System32\win32u.dll
0x00007ffc9b3f0000 - 0x00007ffc9b41c000 	C:\Windows\System32\GDI32.dll
0x00007ffc99260000 - 0x00007ffc9937a000 	C:\Windows\System32\gdi32full.dll
0x00007ffc99990000 - 0x00007ffc99a2d000 	C:\Windows\System32\msvcp_win.dll
0x00007ffc98b30000 - 0x00007ffc98b3a000 	C:\Windows\SYSTEM32\VERSION.dll
0x00007ffc83e50000 - 0x00007ffc840ea000 	C:\Windows\WinSxS\amd64_microsoft.windows.common-controls_6595b64144ccf1df_6.0.19041.3636_none_60b6a03d71f818d5\COMCTL32.dll
0x00007ffc9a810000 - 0x00007ffc9a840000 	C:\Windows\System32\IMM32.DLL
0x0000000069020000 - 0x000000006902c000 	C:\Program Files (x86)\360\Total Security\safemon\SafeWrapper.dll
0x00007ffc708a0000 - 0x00007ffc70932000 	C:\Program Files (x86)\360\Total Security\safemon\libzdtp64.dll
0x00007ffc99c90000 - 0x00007ffc9a3d4000 	C:\Windows\System32\SHELL32.dll
0x00007ffc9a840000 - 0x00007ffc9a895000 	C:\Windows\System32\SHLWAPI.dll
0x00007ffc94ac0000 - 0x00007ffc94acc000 	C:\Program Files\Java\jdk-21\bin\vcruntime140_1.dll
0x00007ffc910f0000 - 0x00007ffc9117e000 	C:\Program Files\Java\jdk-21\bin\msvcp140.dll
0x00007ffc64aa0000 - 0x00007ffc657b5000 	C:\Program Files\Java\jdk-21\bin\server\jvm.dll
0x00007ffc9b920000 - 0x00007ffc9b98b000 	C:\Windows\System32\WS2_32.dll
0x00007ffc985b0000 - 0x00007ffc985fb000 	C:\Windows\SYSTEM32\POWRPROF.dll
0x00007ffc86100000 - 0x00007ffc86127000 	C:\Windows\SYSTEM32\WINMM.dll
0x00007ffc98420000 - 0x00007ffc98432000 	C:\Windows\SYSTEM32\UMPDC.dll
0x00007ffc96ec0000 - 0x00007ffc96ed2000 	C:\Windows\SYSTEM32\kernel.appcore.dll
0x00007ffc92e90000 - 0x00007ffc92e9a000 	C:\Program Files\Java\jdk-21\bin\jimage.dll
0x00007ffc89780000 - 0x00007ffc89964000 	C:\Windows\SYSTEM32\DBGHELP.DLL
0x00007ffc876d0000 - 0x00007ffc87704000 	C:\Windows\SYSTEM32\dbgcore.DLL
0x00007ffc99900000 - 0x00007ffc99982000 	C:\Windows\System32\bcryptPrimitives.dll
0x00007ffc92ea0000 - 0x00007ffc92ebf000 	C:\Program Files\Java\jdk-21\bin\java.dll

dbghelp: loaded successfully - version: 4.0.5 - missing functions: none
symbol engine: initialized successfully - sym options: 0x614 - pdb path: .;C:\Program Files\Java\jdk-21\bin;C:\Windows\SYSTEM32;C:\Windows\WinSxS\amd64_microsoft.windows.common-controls_6595b64144ccf1df_6.0.19041.3636_none_60b6a03d71f818d5;C:\Program Files (x86)\360\Total Security\safemon;C:\Program Files\Java\jdk-21\bin\server

VM Arguments:
jvm_args: -Dfile.encoding=UTF-8 --module-path=C:\Users\Afrotto\Documents\NetBeansProjects\Ticketing\build\classes 
java_command: ticketing.Ticketing
java_class_path (initial): C:\Users\Afrotto\Documents\NetBeansProjects\Ticketing\build\classes
Launcher Type: SUN_STANDARD

[Global flags]
     intx CICompilerCount                          = 3                                         {product} {ergonomic}
     uint ConcGCThreads                            = 1                                         {product} {ergonomic}
     uint G1ConcRefinementThreads                  = 4                                         {product} {ergonomic}
   size_t G1HeapRegionSize                         = 1048576                                   {product} {ergonomic}
    uintx GCDrainStackTargetSize                   = 64                                        {product} {ergonomic}
   size_t InitialHeapSize                          = 67108864                                  {product} {ergonomic}
   size_t MarkStackSize                            = 4194304                                   {product} {ergonomic}
   size_t MaxHeapSize                              = 1042284544                                {product} {ergonomic}
   size_t MinHeapDeltaBytes                        = 1048576                                   {product} {ergonomic}
   size_t MinHeapSize                              = 8388608                                   {product} {ergonomic}
    uintx NonNMethodCodeHeapSize                   = 5832780                                {pd product} {ergonomic}
    uintx NonProfiledCodeHeapSize                  = 122912730                              {pd product} {ergonomic}
    uintx ProfiledCodeHeapSize                     = 122912730                              {pd product} {ergonomic}
    uintx ReservedCodeCacheSize                    = 251658240                              {pd product} {ergonomic}
     bool SegmentedCodeCache                       = true                                      {product} {ergonomic}
   size_t SoftMaxHeapSize                          = 1042284544                             {manageable} {ergonomic}
     bool UseCompressedOops                        = true                           {product lp64_product} {ergonomic}
     bool UseG1GC                                  = true                                      {product} {ergonomic}
     bool UseLargePagesIndividualAllocation        = false                                  {pd product} {ergonomic}

Logging:
Log output configuration:
 #0: stdout all=warning uptime,level,tags foldmultilines=false
 #1: stderr all=off uptime,level,tags foldmultilines=false

Environment Variables:
PATH=C:\Program Files\Common Files\Oracle\Java\javapath;C:\Windows\system32;C:\Windows;C:\Windows\System32\Wbem;C:\Windows\System32\WindowsPowerShell\v1.0\;C:\MinGW\bin;D:\flutter course\flutter_windows_3.3.10-stable\flutter\bin;C:\Users\Afrotto\AppData\Local\Programs\Microsoft VS Code\bin;C:\src\flutter\bin;
USERNAME=Afrotto
OS=Windows_NT
PROCESSOR_IDENTIFIER=Intel64 Family 6 Model 142 Stepping 10, GenuineIntel
TMP=C:\Users\Afrotto\AppData\Local\Temp
TEMP=C:\Users\Afrotto\AppData\Local\Temp




Periodic native trim disabled

---------------  S Y S T E M  ---------------

OS:
 Windows 10 , 64 bit Build 19041 (10.0.19041.3636)
OS uptime: 0 days 0:08 hours
Hyper-V role detected

CPU: total 4 (initial active 4) (2 cores per cpu, 2 threads per core) family 6 model 142 stepping 10 microcode 0xb4, cx8, cmov, fxsr, ht, mmx, 3dnowpref, sse, sse2, sse3, ssse3, sse4.1, sse4.2, popcnt, lzcnt, tsc, tscinvbit, avx, avx2, aes, erms, clmul, bmi1, bmi2, adx, fma, vzeroupper, clflush, clflushopt, hv, rdtscp, f16c
Processor Information for all 4 processors :
  Max Mhz: 2304, Current Mhz: 2304, Mhz Limit: 2304

Memory: 4k page, system-wide physical 3971M (243M free)
TotalPageFile size 4693M (AvailPageFile size 48M)
current process WorkingSet (physical memory assigned to process): 11M, peak: 11M
current process commit charge ("private bytes"): 52M, peak: 115M

vm_info: Java HotSpot(TM) 64-Bit Server VM (21.0.1+12-LTS-29) for windows-amd64 JRE (21.0.1+12-LTS-29), built on 2023-10-05T13:27:09Z by "mach5one" with MS VC++ 17.1 (VS2022)

END.
