#
# There is insufficient memory for the Java Runtime Environment to continue.
# Native memory allocation (mmap) failed to map 65536 bytes for Failed to commit metaspace.
# Possible reasons:
#   The system is out of physical RAM or swap space
#   The process is running with CompressedOops enabled, and the Java Heap may be blocking the growth of the native heap
# Possible solutions:
#   Reduce memory load on the system
#   Increase physical memory or swap space
#   Check if swap backing store is full
#   Decrease Java heap size (-Xmx/-Xms)
#   Decrease number of Java threads
#   Decrease Java thread stack sizes (-Xss)
#   Set larger code cache with -XX:ReservedCodeCacheSize=
#   JVM is running with Unscaled Compressed Oops mode in which the Java heap is
#     placed in the first 4GB address space. The Java Heap base address is the
#     maximum limit for the native heap growth. Please use -XX:HeapBaseMinAddress
#     to set the Java Heap base and to place the Java Heap above 4GB virtual address.
# This output file may be truncated or incomplete.
#
#  Out of Memory Error (virtualSpaceNode.cpp:112), pid=5520, tid=1072
#
# JRE version: Java(TM) SE Runtime Environment (21.0.1+12) (build 21.0.1+12-LTS-29)
# Java VM: Java HotSpot(TM) 64-Bit Server VM (21.0.1+12-LTS-29, mixed mode, sharing, tiered, compressed oops, compressed class ptrs, g1 gc, windows-amd64)
# No core dump will be written. Minidumps are not enabled by default on client versions of Windows
#

---------------  S U M M A R Y ------------

Command Line: -Dfile.encoding=UTF-8 --module-path=C:\Users\Afrotto\Documents\NetBeansProjects\Ticketing\build\classes ticketing.SignUp

Host: Intel(R) Core(TM) i3-7020U CPU @ 2.30GHz, 4 cores, 3G,  Windows 10 , 64 bit Build 19041 (10.0.19041.3636)
Time: Tue Dec 19 22:31:45 2023 Egypt Standard Time elapsed time: 0.188696 seconds (0d 0h 0m 0s)

---------------  T H R E A D  ---------------

Current thread (0x0000020580a22de0):  JavaThread "main"             [_thread_in_vm, id=1072, stack(0x0000007675800000,0x0000007675900000) (1024K)]

Stack: [0x0000007675800000,0x0000007675900000]
Native frames: (J=compiled Java code, j=interpreted, Vv=VM code, C=native code)
V  [jvm.dll+0x6c9029]
V  [jvm.dll+0x854b81]
V  [jvm.dll+0x856e5e]
V  [jvm.dll+0x857543]
V  [jvm.dll+0x280c06]
V  [jvm.dll+0x8508ae]
V  [jvm.dll+0x66ca45]
V  [jvm.dll+0x66caaa]
V  [jvm.dll+0x66f2a6]
V  [jvm.dll+0x66f172]
V  [jvm.dll+0x66d41e]
V  [jvm.dll+0x67e389]
V  [jvm.dll+0x67782e]
V  [jvm.dll+0x3d3f61]
C  0x000002059245bbcd

The last pc belongs to method entry point (kind = zerolocals) (printed below).
Java frames: (J=compiled Java code, j=interpreted, Vv=VM code)
j  java.util.ResourceBundle$ResourceBundleProviderHelper.newResourceBundle(Ljava/lang/Class;)Ljava/util/ResourceBundle;+0 java.base@21.0.1
j  java.util.ResourceBundle$ResourceBundleProviderHelper.loadResourceBundle(Ljava/lang/Module;Ljava/lang/Module;Ljava/lang/String;Ljava/util/Locale;)Ljava/util/ResourceBundle;+204 java.base@21.0.1
j  java.util.ResourceBundle.loadBundle(Ljava/util/ResourceBundle$CacheKey;Ljava/util/List;Ljava/util/ResourceBundle$Control;Ljava/lang/Module;Ljava/lang/Module;)Ljava/util/ResourceBundle;+259 java.base@21.0.1
j  java.util.ResourceBundle.findBundle(Ljava/lang/Module;Ljava/lang/Module;Ljava/util/ResourceBundle$CacheKey;Ljava/util/List;Ljava/util/List;ILjava/util/ResourceBundle$Control;Ljava/util/ResourceBundle;)Ljava/util/ResourceBundle;+249 java.base@21.0.1
j  java.util.ResourceBundle.findBundle(Ljava/lang/Module;Ljava/lang/Module;Ljava/util/ResourceBundle$CacheKey;Ljava/util/List;Ljava/util/List;ILjava/util/ResourceBundle$Control;Ljava/util/ResourceBundle;)Ljava/util/ResourceBundle;+43 java.base@21.0.1
j  java.util.ResourceBundle.findBundle(Ljava/lang/Module;Ljava/lang/Module;Ljava/util/ResourceBundle$CacheKey;Ljava/util/List;Ljava/util/List;ILjava/util/ResourceBundle$Control;Ljava/util/ResourceBundle;)Ljava/util/ResourceBundle;+43 java.base@21.0.1
j  java.util.ResourceBundle.getBundleImpl(Ljava/lang/Module;Ljava/lang/Module;Ljava/lang/String;Ljava/util/Locale;Ljava/util/ResourceBundle$Control;)Ljava/util/ResourceBundle;+196 java.base@21.0.1
j  java.util.ResourceBundle.getBundleImpl(Ljava/lang/String;Ljava/util/Locale;Ljava/lang/Class;Ljava/lang/ClassLoader;Ljava/util/ResourceBundle$Control;)Ljava/util/ResourceBundle;+31 java.base@21.0.1
j  java.util.ResourceBundle.getBundleImpl(Ljava/lang/String;Ljava/util/Locale;Ljava/lang/Class;Ljava/util/ResourceBundle$Control;)Ljava/util/ResourceBundle;+15 java.base@21.0.1
j  java.util.ResourceBundle.getBundle(Ljava/lang/String;)Ljava/util/ResourceBundle;+14 java.base@21.0.1
j  java.awt.Toolkit$4.run()Ljava/lang/Void;+2 java.desktop@21.0.1
j  java.awt.Toolkit$4.run()Ljava/lang/Object;+1 java.desktop@21.0.1
j  java.security.AccessController.executePrivileged(Ljava/security/PrivilegedAction;Ljava/security/AccessControlContext;Ljava/lang/Class;)Ljava/lang/Object;+29 java.base@21.0.1
j  java.security.AccessController.doPrivileged(Ljava/security/PrivilegedAction;)Ljava/lang/Object;+5 java.base@21.0.1
j  java.awt.Toolkit.initStatic()V+17 java.desktop@21.0.1
j  java.awt.Toolkit.<clinit>()V+20 java.desktop@21.0.1
v  ~StubRoutines::call_stub 0x000002059245100d
j  java.awt.Component.<clinit>()V+93 java.desktop@21.0.1
v  ~StubRoutines::call_stub 0x000002059245100d
method entry point (kind = zerolocals)  [0x000002059245ba00, 0x000002059245bdb8]  952 bytes
[MachCode]
  0x000002059245ba00: 488b 5308 | 0fb7 4a2e | 0fb7 522c | 2bd1 81fa | f501 0000 | 0f86 2500 | 0000 488b | c248 c1e0 
  0x000002059245ba20: 0348 83c0 | 5849 0387 | d004 0000 | 483b e00f | 870a 0000 | 0058 498b | e550 e941 | acff ff58 
  0x000002059245ba40: 4c8d 74cc | f885 d20f | 8e09 0000 | 0068 0000 | 0000 ffca | 7ff7 5055 | 488b ec41 | 5568 0000 
  0x000002059245ba60: 0000 4c8b | 6b08 4d8d | 6d38 5348 | 8b53 0848 | 8b52 0848 | 8b52 1848 | 8b52 7048 | 8b12 5248 
  0x000002059245ba80: 8b53 1048 | 85d2 0f84 | 0700 0000 | 4881 c208 | 0100 0052 | 488b 5308 | 488b 5208 | 488b 5210 
  0x000002059245baa0: 5249 8bc6 | 482b c548 | c1e8 0350 | 4155 6800 | 0000 0048 | 8924 2441 | c687 7904 | 0000 0148 
  0x000002059245bac0: 8b45 d848 | 85c0 0f84 | 8300 0000 | 8b48 fc85 | c90f 8878 | 0000 0048 | 03c1 488b | 4808 4883 
  0x000002059245bae0: e902 488b | 54c8 1048 | f7da 498b | 14d6 4885 | d275 0848 | 834c c818 | 01eb 4e8b | 5208 49ba 
  0x000002059245bb00: 0000 009e | 0502 0000 | 4903 d248 | 3354 c818 | 48f7 c2fc | ffff ff74 | 30f6 c202 | 752b 4883 
  0x000002059245bb20: 7cc8 1800 | 741e 4883 | 7cc8 1801 | 7416 4833 | 54c8 1848 | f7c2 fcff | ffff 740d | 4883 4cc8 
  0x000002059245bb40: 1802 eb05 | 4889 54c8 | 1848 83e9 | 0279 9348 | 8b43 1048 | 85c0 7420 | 8b88 cc00 | 0000 83c1 
  0x000002059245bb60: 0289 88cc | 0000 0023 | 88e0 0000 | 000f 8496 | 0100 00e9 | cf00 0000 | 488b 4318 | 4885 c00f 
  0x000002059245bb80: 85b0 0000 | 00e8 0500 | 0000 e999 | 0000 0048 | 8bd3 488d | 4424 084c | 896d c049 | 8bcf c5f8 
  0x000002059245bba0: 7749 89af | a803 0000 | 4989 8798 | 0300 0048 | 83ec 2040 | f6c4 0f0f | 8419 0000 | 0048 83ec 
  0x000002059245bbc0: 0848 b840 | 3f1e f1f8 | 7f00 00ff | d048 83c4 | 08e9 0c00 | 0000 48b8 | 403f 1ef1 | f87f 0000 
  0x000002059245bbe0: ffd0 4883 | c420 49c7 | 8798 0300 | 0000 0000 | 0049 c787 | a803 0000 | 0000 0000 | 49c7 87a0 
  0x000002059245bc00: 0300 0000 | 0000 00c5 | f877 4983 | 7f08 000f | 8405 0000 | 00e9 e652 | ffff 4c8b | 6dc0 4c8b 
  0x000002059245bc20: 75c8 4e8d | 74f5 00c3 | 488b 4318 | 4885 c00f | 8412 0000 | 008b 4808 | 83c1 0289 | 4808 2348 
  0x000002059245bc40: 1c0f 84c2 | 0000 0049 | 3ba7 e804 | 0000 0f87 | 4800 0000 | 8984 2400 | f0ff ff89 | 8424 00e0 
  0x000002059245bc60: ffff 8984 | 2400 d0ff | ff89 8424 | 00c0 ffff | 8984 2400 | b0ff ff89 | 8424 00a0 | ffff 8984 
  0x000002059245bc80: 2400 90ff | ff89 8424 | 0080 ffff | 493b a7e0 | 0400 0076 | 0749 89a7 | e804 0000 | 41c6 8779 
  0x000002059245bca0: 0400 0000 | 49ba c925 | a3f1 f87f | 0000 4180 | 3a00 0f84 | 3e00 0000 | 488b 55e8 | 498b cf48 
  0x000002059245bcc0: 83ec 2040 | f6c4 0f0f | 8419 0000 | 0048 83ec | 0848 b830 | eb53 f1f8 | 7f00 00ff | d048 83c4 
  0x000002059245bce0: 08e9 0c00 | 0000 48b8 | 30eb 53f1 | f87f 0000 | ffd0 4883 | c420 410f | b65d 0049 | ba80 e7a5 
  0x000002059245bd00: f1f8 7f00 | 0041 ff24 | daba 0000 | 0000 e805 | 0000 00e9 | 9600 0000 | 488d 4424 | 084c 896d 
  0x000002059245bd20: c049 8bcf | c5f8 7749 | 89af a803 | 0000 4989 | 8798 0300 | 0048 83ec | 2040 f6c4 | 0f0f 8419 
  0x000002059245bd40: 0000 0048 | 83ec 0848 | b8c0 491e | f1f8 7f00 | 00ff d048 | 83c4 08e9 | 0c00 0000 | 48b8 c049 
  0x000002059245bd60: 1ef1 f87f | 0000 ffd0 | 4883 c420 | 49c7 8798 | 0300 0000 | 0000 0049 | c787 a803 | 0000 0000 
  0x000002059245bd80: 0000 49c7 | 87a0 0300 | 0000 0000 | 00c5 f877 | 4983 7f08 | 000f 8405 | 0000 00e9 | 6051 ffff 
  0x000002059245bda0: 4c8b 6dc0 | 4c8b 75c8 | 4e8d 74f5 | 00c3 488b | 5de8 e990 | feff ff90 
[/MachCode]

---------------  P R O C E S S  ---------------

Threads class SMR info:
_java_thread_list=0x000002059d9e0b00, length=11, elements={
0x0000020580a22de0, 0x000002059d768b80, 0x000002059d7695a0, 0x000002059d769fc0,
0x000002059d76c8c0, 0x000002059d773100, 0x000002059d777ae0, 0x000002059d79db50,
0x000002059d79e3b0, 0x000002059d7300d0, 0x000002059da4df90
}

Java Threads: ( => current thread )
=>0x0000020580a22de0 JavaThread "main"                              [_thread_in_vm, id=1072, stack(0x0000007675800000,0x0000007675900000) (1024K)]
  0x000002059d768b80 JavaThread "Reference Handler"          daemon [_thread_blocked, id=4488, stack(0x0000007676000000,0x0000007676100000) (1024K)]
  0x000002059d7695a0 JavaThread "Finalizer"                  daemon [_thread_blocked, id=3868, stack(0x0000007676100000,0x0000007676200000) (1024K)]
  0x000002059d769fc0 JavaThread "Signal Dispatcher"          daemon [_thread_blocked, id=14300, stack(0x0000007676200000,0x0000007676300000) (1024K)]
  0x000002059d76c8c0 JavaThread "Attach Listener"            daemon [_thread_blocked, id=2056, stack(0x0000007676300000,0x0000007676400000) (1024K)]
  0x000002059d773100 JavaThread "Service Thread"             daemon [_thread_blocked, id=5584, stack(0x0000007676400000,0x0000007676500000) (1024K)]
  0x000002059d777ae0 JavaThread "Monitor Deflation Thread"   daemon [_thread_blocked, id=9448, stack(0x0000007676500000,0x0000007676600000) (1024K)]
  0x000002059d79db50 JavaThread "C2 CompilerThread0"         daemon [_thread_blocked, id=4384, stack(0x0000007676600000,0x0000007676700000) (1024K)]
  0x000002059d79e3b0 JavaThread "C1 CompilerThread0"         daemon [_thread_blocked, id=12052, stack(0x0000007676700000,0x0000007676800000) (1024K)]
  0x000002059d7300d0 JavaThread "Common-Cleaner"             daemon [_thread_blocked, id=11424, stack(0x0000007676800000,0x0000007676900000) (1024K)]
  0x000002059da4df90 JavaThread "Notification Thread"        daemon [_thread_blocked, id=12020, stack(0x0000007676900000,0x0000007676a00000) (1024K)]
Total: 11

Other Threads:
  0x000002059d74ce40 VMThread "VM Thread"                           [id=4764, stack(0x0000007675f00000,0x0000007676000000) (1024K)]
  0x000002059d72f0a0 WatcherThread "VM Periodic Task Thread"        [id=5000, stack(0x0000007675e00000,0x0000007675f00000) (1024K)]
  0x0000020582b08360 WorkerThread "GC Thread#0"                     [id=4996, stack(0x0000007675900000,0x0000007675a00000) (1024K)]
  0x0000020582b11130 ConcurrentGCThread "G1 Main Marker"            [id=13192, stack(0x0000007675a00000,0x0000007675b00000) (1024K)]
  0x0000020582b137e0 WorkerThread "G1 Conc#0"                       [id=2576, stack(0x0000007675b00000,0x0000007675c00000) (1024K)]
  0x0000020582b8e980 ConcurrentGCThread "G1 Refine#0"               [id=12352, stack(0x0000007675c00000,0x0000007675d00000) (1024K)]
  0x000002059d606230 ConcurrentGCThread "G1 Service"                [id=8976, stack(0x0000007675d00000,0x0000007675e00000) (1024K)]
Total: 7

Threads with active compile tasks:
Total: 0

VM state: not at safepoint (normal execution)

VM Mutex/Monitor currently owned by a thread:  ([mutex/lock_event])
[0x00007ff8f1a48578] Metaspace_lock - owner thread: 0x0000020580a22de0

Heap address: 0x00000000c1e00000, size: 994 MB, Compressed Oops mode: 32-bit

CDS archive(s) mapped at: [0x000002059e000000-0x000002059ec90000-0x000002059ec90000), size 13172736, SharedBaseAddress: 0x000002059e000000, ArchiveRelocationMode: 1.
Compressed class space mapped at: 0x000002059f000000-0x00000205df000000, reserved size: 1073741824
Narrow klass base: 0x000002059e000000, Narrow klass shift: 0, Narrow klass range: 0x100000000

GC Precious Log:
 CardTable entry size: 512
 Card Set container configuration: InlinePtr #cards 5 size 8 Array Of Cards #cards 12 size 40 Howl #buckets 4 coarsen threshold 1843 Howl Bitmap #cards 512 size 80 coarsen threshold 460 Card regions per heap region 1 cards per card region 2048
 CPUs: 4 total, 4 available
 Memory: 3971M
 Large Page Support: Disabled
 NUMA Support: Disabled
 Compressed Oops: Enabled (32-bit)
 Heap Region Size: 1M
 Heap Min Capacity: 8M
 Heap Initial Capacity: 64M
 Heap Max Capacity: 994M
 Pre-touch: Disabled
 Parallel Workers: 4
 Concurrent Workers: 1
 Concurrent Refinement Workers: 4
 Periodic GC: Disabled

Heap:
 garbage-first heap   total 65536K, used 2048K [0x00000000c1e00000, 0x0000000100000000)
  region size 1024K, 3 young (3072K), 0 survivors (0K)
 Metaspace       used 1230K, committed 1344K, reserved 1114112K
  class space    used 124K, committed 192K, reserved 1048576K

Heap Regions: E=young(eden), S=young(survivor), O=old, HS=humongous(starts), HC=humongous(continues), CS=collection set, F=free, TAMS=top-at-mark-start, PB=parsable bottom
|   0|0x00000000c1e00000, 0x00000000c1e00000, 0x00000000c1f00000|  0%| F|  |TAMS 0x00000000c1e00000| PB 0x00000000c1e00000| Untracked 
|   1|0x00000000c1f00000, 0x00000000c1f00000, 0x00000000c2000000|  0%| F|  |TAMS 0x00000000c1f00000| PB 0x00000000c1f00000| Untracked 
|   2|0x00000000c2000000, 0x00000000c2000000, 0x00000000c2100000|  0%| F|  |TAMS 0x00000000c2000000| PB 0x00000000c2000000| Untracked 
|   3|0x00000000c2100000, 0x00000000c2100000, 0x00000000c2200000|  0%| F|  |TAMS 0x00000000c2100000| PB 0x00000000c2100000| Untracked 
|   4|0x00000000c2200000, 0x00000000c2200000, 0x00000000c2300000|  0%| F|  |TAMS 0x00000000c2200000| PB 0x00000000c2200000| Untracked 
|   5|0x00000000c2300000, 0x00000000c2300000, 0x00000000c2400000|  0%| F|  |TAMS 0x00000000c2300000| PB 0x00000000c2300000| Untracked 
|   6|0x00000000c2400000, 0x00000000c2400000, 0x00000000c2500000|  0%| F|  |TAMS 0x00000000c2400000| PB 0x00000000c2400000| Untracked 
|   7|0x00000000c2500000, 0x00000000c2500000, 0x00000000c2600000|  0%| F|  |TAMS 0x00000000c2500000| PB 0x00000000c2500000| Untracked 
|   8|0x00000000c2600000, 0x00000000c2600000, 0x00000000c2700000|  0%| F|  |TAMS 0x00000000c2600000| PB 0x00000000c2600000| Untracked 
|   9|0x00000000c2700000, 0x00000000c2700000, 0x00000000c2800000|  0%| F|  |TAMS 0x00000000c2700000| PB 0x00000000c2700000| Untracked 
|  10|0x00000000c2800000, 0x00000000c2800000, 0x00000000c2900000|  0%| F|  |TAMS 0x00000000c2800000| PB 0x00000000c2800000| Untracked 
|  11|0x00000000c2900000, 0x00000000c2900000, 0x00000000c2a00000|  0%| F|  |TAMS 0x00000000c2900000| PB 0x00000000c2900000| Untracked 
|  12|0x00000000c2a00000, 0x00000000c2a00000, 0x00000000c2b00000|  0%| F|  |TAMS 0x00000000c2a00000| PB 0x00000000c2a00000| Untracked 
|  13|0x00000000c2b00000, 0x00000000c2b00000, 0x00000000c2c00000|  0%| F|  |TAMS 0x00000000c2b00000| PB 0x00000000c2b00000| Untracked 
|  14|0x00000000c2c00000, 0x00000000c2c00000, 0x00000000c2d00000|  0%| F|  |TAMS 0x00000000c2c00000| PB 0x00000000c2c00000| Untracked 
|  15|0x00000000c2d00000, 0x00000000c2d00000, 0x00000000c2e00000|  0%| F|  |TAMS 0x00000000c2d00000| PB 0x00000000c2d00000| Untracked 
|  16|0x00000000c2e00000, 0x00000000c2e00000, 0x00000000c2f00000|  0%| F|  |TAMS 0x00000000c2e00000| PB 0x00000000c2e00000| Untracked 
|  17|0x00000000c2f00000, 0x00000000c2f00000, 0x00000000c3000000|  0%| F|  |TAMS 0x00000000c2f00000| PB 0x00000000c2f00000| Untracked 
|  18|0x00000000c3000000, 0x00000000c3000000, 0x00000000c3100000|  0%| F|  |TAMS 0x00000000c3000000| PB 0x00000000c3000000| Untracked 
|  19|0x00000000c3100000, 0x00000000c3100000, 0x00000000c3200000|  0%| F|  |TAMS 0x00000000c3100000| PB 0x00000000c3100000| Untracked 
|  20|0x00000000c3200000, 0x00000000c3200000, 0x00000000c3300000|  0%| F|  |TAMS 0x00000000c3200000| PB 0x00000000c3200000| Untracked 
|  21|0x00000000c3300000, 0x00000000c3300000, 0x00000000c3400000|  0%| F|  |TAMS 0x00000000c3300000| PB 0x00000000c3300000| Untracked 
|  22|0x00000000c3400000, 0x00000000c3400000, 0x00000000c3500000|  0%| F|  |TAMS 0x00000000c3400000| PB 0x00000000c3400000| Untracked 
|  23|0x00000000c3500000, 0x00000000c3500000, 0x00000000c3600000|  0%| F|  |TAMS 0x00000000c3500000| PB 0x00000000c3500000| Untracked 
|  24|0x00000000c3600000, 0x00000000c3600000, 0x00000000c3700000|  0%| F|  |TAMS 0x00000000c3600000| PB 0x00000000c3600000| Untracked 
|  25|0x00000000c3700000, 0x00000000c3700000, 0x00000000c3800000|  0%| F|  |TAMS 0x00000000c3700000| PB 0x00000000c3700000| Untracked 
|  26|0x00000000c3800000, 0x00000000c3800000, 0x00000000c3900000|  0%| F|  |TAMS 0x00000000c3800000| PB 0x00000000c3800000| Untracked 
|  27|0x00000000c3900000, 0x00000000c3900000, 0x00000000c3a00000|  0%| F|  |TAMS 0x00000000c3900000| PB 0x00000000c3900000| Untracked 
|  28|0x00000000c3a00000, 0x00000000c3a00000, 0x00000000c3b00000|  0%| F|  |TAMS 0x00000000c3a00000| PB 0x00000000c3a00000| Untracked 
|  29|0x00000000c3b00000, 0x00000000c3b00000, 0x00000000c3c00000|  0%| F|  |TAMS 0x00000000c3b00000| PB 0x00000000c3b00000| Untracked 
|  30|0x00000000c3c00000, 0x00000000c3c00000, 0x00000000c3d00000|  0%| F|  |TAMS 0x00000000c3c00000| PB 0x00000000c3c00000| Untracked 
|  31|0x00000000c3d00000, 0x00000000c3d00000, 0x00000000c3e00000|  0%| F|  |TAMS 0x00000000c3d00000| PB 0x00000000c3d00000| Untracked 
|  32|0x00000000c3e00000, 0x00000000c3e00000, 0x00000000c3f00000|  0%| F|  |TAMS 0x00000000c3e00000| PB 0x00000000c3e00000| Untracked 
|  33|0x00000000c3f00000, 0x00000000c3f00000, 0x00000000c4000000|  0%| F|  |TAMS 0x00000000c3f00000| PB 0x00000000c3f00000| Untracked 
|  34|0x00000000c4000000, 0x00000000c4000000, 0x00000000c4100000|  0%| F|  |TAMS 0x00000000c4000000| PB 0x00000000c4000000| Untracked 
|  35|0x00000000c4100000, 0x00000000c4100000, 0x00000000c4200000|  0%| F|  |TAMS 0x00000000c4100000| PB 0x00000000c4100000| Untracked 
|  36|0x00000000c4200000, 0x00000000c4200000, 0x00000000c4300000|  0%| F|  |TAMS 0x00000000c4200000| PB 0x00000000c4200000| Untracked 
|  37|0x00000000c4300000, 0x00000000c4300000, 0x00000000c4400000|  0%| F|  |TAMS 0x00000000c4300000| PB 0x00000000c4300000| Untracked 
|  38|0x00000000c4400000, 0x00000000c4400000, 0x00000000c4500000|  0%| F|  |TAMS 0x00000000c4400000| PB 0x00000000c4400000| Untracked 
|  39|0x00000000c4500000, 0x00000000c4500000, 0x00000000c4600000|  0%| F|  |TAMS 0x00000000c4500000| PB 0x00000000c4500000| Untracked 
|  40|0x00000000c4600000, 0x00000000c4600000, 0x00000000c4700000|  0%| F|  |TAMS 0x00000000c4600000| PB 0x00000000c4600000| Untracked 
|  41|0x00000000c4700000, 0x00000000c4700000, 0x00000000c4800000|  0%| F|  |TAMS 0x00000000c4700000| PB 0x00000000c4700000| Untracked 
|  42|0x00000000c4800000, 0x00000000c4800000, 0x00000000c4900000|  0%| F|  |TAMS 0x00000000c4800000| PB 0x00000000c4800000| Untracked 
|  43|0x00000000c4900000, 0x00000000c4900000, 0x00000000c4a00000|  0%| F|  |TAMS 0x00000000c4900000| PB 0x00000000c4900000| Untracked 
|  44|0x00000000c4a00000, 0x00000000c4a00000, 0x00000000c4b00000|  0%| F|  |TAMS 0x00000000c4a00000| PB 0x00000000c4a00000| Untracked 
|  45|0x00000000c4b00000, 0x00000000c4b00000, 0x00000000c4c00000|  0%| F|  |TAMS 0x00000000c4b00000| PB 0x00000000c4b00000| Untracked 
|  46|0x00000000c4c00000, 0x00000000c4c00000, 0x00000000c4d00000|  0%| F|  |TAMS 0x00000000c4c00000| PB 0x00000000c4c00000| Untracked 
|  47|0x00000000c4d00000, 0x00000000c4d00000, 0x00000000c4e00000|  0%| F|  |TAMS 0x00000000c4d00000| PB 0x00000000c4d00000| Untracked 
|  48|0x00000000c4e00000, 0x00000000c4e00000, 0x00000000c4f00000|  0%| F|  |TAMS 0x00000000c4e00000| PB 0x00000000c4e00000| Untracked 
|  49|0x00000000c4f00000, 0x00000000c4f00000, 0x00000000c5000000|  0%| F|  |TAMS 0x00000000c4f00000| PB 0x00000000c4f00000| Untracked 
|  50|0x00000000c5000000, 0x00000000c5000000, 0x00000000c5100000|  0%| F|  |TAMS 0x00000000c5000000| PB 0x00000000c5000000| Untracked 
|  51|0x00000000c5100000, 0x00000000c5100000, 0x00000000c5200000|  0%| F|  |TAMS 0x00000000c5100000| PB 0x00000000c5100000| Untracked 
|  52|0x00000000c5200000, 0x00000000c5200000, 0x00000000c5300000|  0%| F|  |TAMS 0x00000000c5200000| PB 0x00000000c5200000| Untracked 
|  53|0x00000000c5300000, 0x00000000c5300000, 0x00000000c5400000|  0%| F|  |TAMS 0x00000000c5300000| PB 0x00000000c5300000| Untracked 
|  54|0x00000000c5400000, 0x00000000c5400000, 0x00000000c5500000|  0%| F|  |TAMS 0x00000000c5400000| PB 0x00000000c5400000| Untracked 
|  55|0x00000000c5500000, 0x00000000c5500000, 0x00000000c5600000|  0%| F|  |TAMS 0x00000000c5500000| PB 0x00000000c5500000| Untracked 
|  56|0x00000000c5600000, 0x00000000c5600000, 0x00000000c5700000|  0%| F|  |TAMS 0x00000000c5600000| PB 0x00000000c5600000| Untracked 
|  57|0x00000000c5700000, 0x00000000c5700000, 0x00000000c5800000|  0%| F|  |TAMS 0x00000000c5700000| PB 0x00000000c5700000| Untracked 
|  58|0x00000000c5800000, 0x00000000c5800000, 0x00000000c5900000|  0%| F|  |TAMS 0x00000000c5800000| PB 0x00000000c5800000| Untracked 
|  59|0x00000000c5900000, 0x00000000c5900000, 0x00000000c5a00000|  0%| F|  |TAMS 0x00000000c5900000| PB 0x00000000c5900000| Untracked 
|  60|0x00000000c5a00000, 0x00000000c5a00000, 0x00000000c5b00000|  0%| F|  |TAMS 0x00000000c5a00000| PB 0x00000000c5a00000| Untracked 
|  61|0x00000000c5b00000, 0x00000000c5b85b20, 0x00000000c5c00000| 52%| E|  |TAMS 0x00000000c5b00000| PB 0x00000000c5b00000| Complete 
|  62|0x00000000c5c00000, 0x00000000c5d00000, 0x00000000c5d00000|100%| E|CS|TAMS 0x00000000c5c00000| PB 0x00000000c5c00000| Complete 
|  63|0x00000000c5d00000, 0x00000000c5e00000, 0x00000000c5e00000|100%| E|CS|TAMS 0x00000000c5d00000| PB 0x00000000c5d00000| Complete 

Card table byte_map: [0x000002059a120000,0x000002059a320000] _byte_map_base: 0x0000020599b11000

Marking Bits: (CMBitMap*) 0x0000020582b08a60
 Bits: [0x000002059a320000, 0x000002059b2a8000)

Polling page: 0x0000020580960000

Metaspace:

Usage:
  Non-class:      1.08 MB used.
      Class:    124.82 KB used.
       Both:      1.20 MB used.

Virtual space:
  Non-class space:       64.00 MB reserved,       1.12 MB (  2%) committed,  1 nodes.
      Class space:        1.00 GB reserved,     192.00 KB ( <1%) committed,  1 nodes.
             Both:        1.06 GB reserved,       1.31 MB ( <1%) committed. 

Chunk freelists:
   Non-Class:  11.98 MB
       Class:  15.74 MB
        Both:  27.72 MB

MaxMetaspaceSize: unlimited
CompressedClassSpaceSize: 1.00 GB
Initial GC threshold: 21.00 MB
Current GC threshold: 21.00 MB
CDS: on
 - commit_granule_bytes: 65536.
 - commit_granule_words: 8192.
 - virtual_space_node_default_size: 8388608.
 - enlarge_chunks_in_place: 1.
 - use_allocation_guard: 0.


Internal statistics:

num_allocs_failed_limit: 0.
num_arena_births: 8.
num_arena_deaths: 0.
num_vsnodes_births: 2.
num_vsnodes_deaths: 0.
num_space_committed: 21.
num_space_uncommitted: 0.
num_chunks_returned_to_freelist: 0.
num_chunks_taken_from_freelist: 11.
num_chunk_merges: 0.
num_chunk_splits: 7.
num_chunks_enlarged: 3.
num_inconsistent_stats: 0.

CodeHeap 'non-profiled nmethods': size=120000Kb used=72Kb max_used=72Kb free=119927Kb
 bounds [0x00000205929f0000, 0x0000020592c60000, 0x0000020599f20000]
CodeHeap 'profiled nmethods': size=120000Kb used=220Kb max_used=220Kb free=119779Kb
 bounds [0x000002058af20000, 0x000002058b190000, 0x0000020592450000]
CodeHeap 'non-nmethods': size=5760Kb used=1283Kb max_used=1297Kb free=4477Kb
 bounds [0x0000020592450000, 0x00000205926c0000, 0x00000205929f0000]
 total_blobs=602 nmethods=202 adapters=305
 compilation: enabled
              stopped_count=0, restarted_count=0
 full_count=0

Compilation events (20 events):
Event: 0.166 Thread 0x000002059d79e3b0 nmethod 192 0x000002058af51590 code [0x000002058af51740, 0x000002058af518a0]
Event: 0.166 Thread 0x000002059d79e3b0  191       3       java.nio.DirectByteBuffer::ix (10 bytes)
Event: 0.166 Thread 0x000002059d79e3b0 nmethod 191 0x000002058af51990 code [0x000002058af51b20, 0x000002058af51c38]
Event: 0.166 Thread 0x000002059d79e3b0  193   !   3       jdk.internal.misc.ScopedMemoryAccess::getByte (16 bytes)
Event: 0.166 Thread 0x000002059d79db50 nmethod 188 0x0000020592a00f10 code [0x0000020592a010a0, 0x0000020592a011c8]
Event: 0.166 Thread 0x000002059d79e3b0 nmethod 193 0x000002058af51d10 code [0x000002058af51f00, 0x000002058af522f0]
Event: 0.167 Thread 0x000002059d79e3b0  194   !   3       jdk.internal.misc.ScopedMemoryAccess::getByteInternal (34 bytes)
Event: 0.167 Thread 0x000002059d79e3b0 nmethod 194 0x000002058af52510 code [0x000002058af526c0, 0x000002058af52930]
Event: 0.171 Thread 0x000002059d79db50  195       4       java.lang.String::isLatin1 (19 bytes)
Event: 0.172 Thread 0x000002059d79db50 nmethod 195 0x0000020592a01310 code [0x0000020592a014a0, 0x0000020592a01530]
Event: 0.172 Thread 0x000002059d79e3b0  196       3       java.lang.invoke.MemberName::initResolved (53 bytes)
Event: 0.172 Thread 0x000002059d79e3b0 nmethod 196 0x000002058af52a90 code [0x000002058af52c40, 0x000002058af52df8]
Event: 0.173 Thread 0x000002059d79e3b0  197       1       java.lang.Class::getModule (5 bytes)
Event: 0.174 Thread 0x000002059d79e3b0 nmethod 197 0x0000020592a01610 code [0x0000020592a017a0, 0x0000020592a01868]
Event: 0.175 Thread 0x000002059d79e3b0  199       3       jdk.internal.misc.Unsafe::putReferenceRelease (9 bytes)
Event: 0.175 Thread 0x000002059d79e3b0 nmethod 199 0x000002058af52e90 code [0x000002058af53020, 0x000002058af53180]
Event: 0.175 Thread 0x000002059d79e3b0  200       3       java.util.concurrent.ConcurrentHashMap::setTabAt (20 bytes)
Event: 0.175 Thread 0x000002059d79e3b0 nmethod 200 0x000002058af53210 code [0x000002058af533c0, 0x000002058af535d0]
Event: 0.176 Thread 0x000002059d79e3b0  201 %     3       java.util.Properties$LineReader::readLine @ 224 (584 bytes)
Event: 0.176 Thread 0x000002059d79db50  202       4       java.util.concurrent.ConcurrentHashMap::casTabAt (21 bytes)

GC Heap History (0 events):
No events

Dll operation events (6 events):
Event: 0.013 Loaded shared library C:\Program Files\Java\jdk-21\bin\java.dll
Event: 0.057 Loaded shared library C:\Program Files\Java\jdk-21\bin\jsvml.dll
Event: 0.108 Loaded shared library C:\Program Files\Java\jdk-21\bin\net.dll
Event: 0.111 Loaded shared library C:\Program Files\Java\jdk-21\bin\nio.dll
Event: 0.143 Loaded shared library C:\Program Files\Java\jdk-21\bin\zip.dll
Event: 0.163 Loaded shared library C:\Program Files\Java\jdk-21\bin\jimage.dll

Deoptimization events (0 events):
No events

Classes loaded (20 events):
Event: 0.170 Loading class java/util/ResourceBundle$CacheKey
Event: 0.171 Loading class java/util/ResourceBundle$CacheKey done
Event: 0.171 Loading class java/util/ResourceBundle$KeyElementReference
Event: 0.171 Loading class java/util/ResourceBundle$CacheKeyReference
Event: 0.171 Loading class java/util/ResourceBundle$CacheKeyReference done
Event: 0.171 Loading class java/util/ResourceBundle$KeyElementReference done
Event: 0.171 Loading class java/util/ResourceBundle$3
Event: 0.171 Loading class java/util/ResourceBundle$3 done
Event: 0.172 Loading class sun/security/util/SecurityConstants
Event: 0.172 Loading class sun/security/util/SecurityConstants done
Event: 0.172 Loading class java/net/NetPermission
Event: 0.172 Loading class java/net/NetPermission done
Event: 0.173 Loading class java/security/SecurityPermission
Event: 0.173 Loading class java/security/SecurityPermission done
Event: 0.173 Loading class java/net/SocketPermission
Event: 0.173 Loading class java/net/SocketPermission done
Event: 0.173 Loading class java/lang/reflect/ReflectPermission
Event: 0.173 Loading class java/lang/reflect/ReflectPermission done
Event: 0.177 Loading class sun/awt/resources/awt
Event: 0.177 Loading class sun/awt/resources/awt done

Classes unloaded (0 events):
No events

Classes redefined (0 events):
No events

Internal exceptions (3 events):
Event: 0.112 Thread 0x0000020580a22de0 Exception <a 'sun/nio/fs/WindowsException'{0x00000000c5c76c90}> (0x00000000c5c76c90) 
thrown [s\open\src\hotspot\share\prims\jni.cpp, line 520]
Event: 0.115 Thread 0x0000020580a22de0 Exception <a 'sun/nio/fs/WindowsException'{0x00000000c5c790a0}> (0x00000000c5c790a0) 
thrown [s\open\src\hotspot\share\prims\jni.cpp, line 520]
Event: 0.171 Thread 0x0000020580a22de0 Exception <a 'java/lang/ClassNotFoundException'{0x00000000c5b660b8}: sun/awt/resources/spi/awtProvider> (0x00000000c5b660b8) 
thrown [s\open\src\hotspot\share\classfile\systemDictionary.cpp, line 312]

ZGC Phase Switch (0 events):
No events

VM Operations (2 events):
Event: 0.117 Executing VM operation: HandshakeAllThreads (Deoptimize)
Event: 0.117 Executing VM operation: HandshakeAllThreads (Deoptimize) done

Events (11 events):
Event: 0.033 Thread 0x0000020580a22de0 Thread added: 0x0000020580a22de0
Event: 0.052 Thread 0x000002059d768b80 Thread added: 0x000002059d768b80
Event: 0.052 Thread 0x000002059d7695a0 Thread added: 0x000002059d7695a0
Event: 0.053 Thread 0x000002059d769fc0 Thread added: 0x000002059d769fc0
Event: 0.053 Thread 0x000002059d76c8c0 Thread added: 0x000002059d76c8c0
Event: 0.054 Thread 0x000002059d773100 Thread added: 0x000002059d773100
Event: 0.054 Thread 0x000002059d777ae0 Thread added: 0x000002059d777ae0
Event: 0.054 Thread 0x000002059d79db50 Thread added: 0x000002059d79db50
Event: 0.054 Thread 0x000002059d79e3b0 Thread added: 0x000002059d79e3b0
Event: 0.091 Thread 0x000002059d7300d0 Thread added: 0x000002059d7300d0
Event: 0.135 Thread 0x000002059da4df90 Thread added: 0x000002059da4df90


Dynamic libraries:
0x00007ff7e6360000 - 0x00007ff7e6370000 	C:\Program Files\Java\jdk-21\bin\java.exe
0x00007ff92b6f0000 - 0x00007ff92b8e8000 	C:\Windows\SYSTEM32\ntdll.dll
0x00007ff92b5f0000 - 0x00007ff92b6ad000 	C:\Windows\System32\KERNEL32.DLL
0x00007ff9293d0000 - 0x00007ff9296c6000 	C:\Windows\System32\KERNELBASE.dll
0x00007ff929240000 - 0x00007ff929340000 	C:\Windows\System32\ucrtbase.dll
0x00007ff9265e0000 - 0x00007ff9265fb000 	C:\Program Files\Java\jdk-21\bin\VCRUNTIME140.dll
0x00007ff924750000 - 0x00007ff924769000 	C:\Program Files\Java\jdk-21\bin\jli.dll
0x00007ff92a5e0000 - 0x00007ff92a68f000 	C:\Windows\System32\ADVAPI32.dll
0x00007ff929d70000 - 0x00007ff929e0e000 	C:\Windows\System32\msvcrt.dll
0x00007ff92afc0000 - 0x00007ff92b05c000 	C:\Windows\System32\sechost.dll
0x00007ff92b4c0000 - 0x00007ff92b5e6000 	C:\Windows\System32\RPCRT4.dll
0x00007ff929bd0000 - 0x00007ff929d6e000 	C:\Windows\System32\USER32.dll
0x00007ff9296d0000 - 0x00007ff9296f2000 	C:\Windows\System32\win32u.dll
0x00007ff92b490000 - 0x00007ff92b4bc000 	C:\Windows\System32\GDI32.dll
0x00007ff928e40000 - 0x00007ff928f5a000 	C:\Windows\System32\gdi32full.dll
0x00007ff913960000 - 0x00007ff913bfa000 	C:\Windows\WinSxS\amd64_microsoft.windows.common-controls_6595b64144ccf1df_6.0.19041.3636_none_60b6a03d71f818d5\COMCTL32.dll
0x00007ff928f60000 - 0x00007ff928ffd000 	C:\Windows\System32\msvcp_win.dll
0x00007ff928940000 - 0x00007ff92894a000 	C:\Windows\SYSTEM32\VERSION.dll
0x00007ff92b180000 - 0x00007ff92b1b0000 	C:\Windows\System32\IMM32.DLL
0x0000000060080000 - 0x000000006008c000 	C:\Program Files (x86)\360\Total Security\safemon\SafeWrapper.dll
0x00007ff920b40000 - 0x00007ff920bd2000 	C:\Program Files (x86)\360\Total Security\safemon\libzdtp64.dll
0x00007ff929e90000 - 0x00007ff92a5d4000 	C:\Windows\System32\SHELL32.dll
0x00007ff92b430000 - 0x00007ff92b485000 	C:\Windows\System32\SHLWAPI.dll
0x00007ff9265d0000 - 0x00007ff9265dc000 	C:\Program Files\Java\jdk-21\bin\vcruntime140_1.dll
0x00007ff920a30000 - 0x00007ff920abe000 	C:\Program Files\Java\jdk-21\bin\msvcp140.dll
0x00007ff8f0e10000 - 0x00007ff8f1b25000 	C:\Program Files\Java\jdk-21\bin\server\jvm.dll
0x00007ff92af50000 - 0x00007ff92afbb000 	C:\Windows\System32\WS2_32.dll
0x00007ff9282d0000 - 0x00007ff92831b000 	C:\Windows\SYSTEM32\POWRPROF.dll
0x00007ff913060000 - 0x00007ff913087000 	C:\Windows\SYSTEM32\WINMM.dll
0x00007ff928140000 - 0x00007ff928152000 	C:\Windows\SYSTEM32\UMPDC.dll
0x00007ff926be0000 - 0x00007ff926bf2000 	C:\Windows\SYSTEM32\kernel.appcore.dll
0x00007ff926580000 - 0x00007ff92658a000 	C:\Program Files\Java\jdk-21\bin\jimage.dll
0x00007ff919570000 - 0x00007ff919754000 	C:\Windows\SYSTEM32\DBGHELP.DLL
0x00007ff917420000 - 0x00007ff917454000 	C:\Windows\SYSTEM32\dbgcore.DLL
0x00007ff929340000 - 0x00007ff9293c2000 	C:\Windows\System32\bcryptPrimitives.dll
0x00007ff922a00000 - 0x00007ff922a1f000 	C:\Program Files\Java\jdk-21\bin\java.dll
0x00007ff926de0000 - 0x00007ff92757b000 	C:\Windows\SYSTEM32\windows.storage.dll
0x00007ff92a910000 - 0x00007ff92ac64000 	C:\Windows\System32\combase.dll
0x00007ff9286c0000 - 0x00007ff9286ed000 	C:\Windows\SYSTEM32\Wldp.dll
0x00007ff92a740000 - 0x00007ff92a7ed000 	C:\Windows\System32\SHCORE.dll
0x00007ff928d00000 - 0x00007ff928d25000 	C:\Windows\SYSTEM32\profapi.dll
0x00007ff922920000 - 0x00007ff9229f7000 	C:\Program Files\Java\jdk-21\bin\jsvml.dll
0x00007ff922910000 - 0x00007ff922920000 	C:\Program Files\Java\jdk-21\bin\net.dll
0x00007ff91ef60000 - 0x00007ff91f06a000 	C:\Windows\SYSTEM32\WINHTTP.dll
0x00007ff9284a0000 - 0x00007ff92850a000 	C:\Windows\system32\mswsock.dll
0x00007ff9228f0000 - 0x00007ff922906000 	C:\Program Files\Java\jdk-21\bin\nio.dll
0x00007ff9228d0000 - 0x00007ff9228e8000 	C:\Program Files\Java\jdk-21\bin\zip.dll

dbghelp: loaded successfully - version: 4.0.5 - missing functions: none
symbol engine: initialized successfully - sym options: 0x614 - pdb path: .;C:\Program Files\Java\jdk-21\bin;C:\Windows\SYSTEM32;C:\Windows\WinSxS\amd64_microsoft.windows.common-controls_6595b64144ccf1df_6.0.19041.3636_none_60b6a03d71f818d5;C:\Program Files (x86)\360\Total Security\safemon;C:\Program Files\Java\jdk-21\bin\server

VM Arguments:
jvm_args: -Dfile.encoding=UTF-8 --module-path=C:\Users\Afrotto\Documents\NetBeansProjects\Ticketing\build\classes 
java_command: ticketing.SignUp
java_class_path (initial): C:\Program Files\NetBeans-19\netbeans\java\modules\ext\AbsoluteLayout.jar;C:\Users\Afrotto\Documents\NetBeansProjects\Ticketing\build\classes
Launcher Type: SUN_STANDARD

[Global flags]
     intx CICompilerCount                          = 3                                         {product} {ergonomic}
     uint ConcGCThreads                            = 1                                         {product} {ergonomic}
     uint G1ConcRefinementThreads                  = 4                                         {product} {ergonomic}
   size_t G1HeapRegionSize                         = 1048576                                   {product} {ergonomic}
    uintx GCDrainStackTargetSize                   = 64                                        {product} {ergonomic}
   size_t InitialHeapSize                          = 67108864                                  {product} {ergonomic}
   size_t MarkStackSize                            = 4194304                                   {product} {ergonomic}
   size_t MaxHeapSize                              = 1042284544                                {product} {ergonomic}
   size_t MaxNewSize                               = 624951296                                 {product} {ergonomic}
   size_t MinHeapDeltaBytes                        = 1048576                                   {product} {ergonomic}
   size_t MinHeapSize                              = 8388608                                   {product} {ergonomic}
    uintx NonNMethodCodeHeapSize                   = 5832780                                {pd product} {ergonomic}
    uintx NonProfiledCodeHeapSize                  = 122912730                              {pd product} {ergonomic}
    uintx ProfiledCodeHeapSize                     = 122912730                              {pd product} {ergonomic}
    uintx ReservedCodeCacheSize                    = 251658240                              {pd product} {ergonomic}
     bool SegmentedCodeCache                       = true                                      {product} {ergonomic}
   size_t SoftMaxHeapSize                          = 1042284544                             {manageable} {ergonomic}
     bool UseCompressedOops                        = true                           {product lp64_product} {ergonomic}
     bool UseG1GC                                  = true                                      {product} {ergonomic}
     bool UseLargePagesIndividualAllocation        = false                                  {pd product} {ergonomic}

Logging:
Log output configuration:
 #0: stdout all=warning uptime,level,tags foldmultilines=false
 #1: stderr all=off uptime,level,tags foldmultilines=false

Environment Variables:
PATH=C:\Program Files\Common Files\Oracle\Java\javapath;C:\Windows\system32;C:\Windows;C:\Windows\System32\Wbem;C:\Windows\System32\WindowsPowerShell\v1.0\;C:\MinGW\bin;D:\flutter course\flutter_windows_3.3.10-stable\flutter\bin;C:\Users\Afrotto\AppData\Local\Programs\Microsoft VS Code\bin;C:\src\flutter\bin;
USERNAME=Afrotto
OS=Windows_NT
PROCESSOR_IDENTIFIER=Intel64 Family 6 Model 142 Stepping 10, GenuineIntel
TMP=C:\Users\Afrotto\AppData\Local\Temp
TEMP=C:\Users\Afrotto\AppData\Local\Temp




Periodic native trim disabled

---------------  S Y S T E M  ---------------

OS:
 Windows 10 , 64 bit Build 19041 (10.0.19041.3636)
OS uptime: 0 days 0:31 hours
Hyper-V role detected

CPU: total 4 (initial active 4) (2 cores per cpu, 2 threads per core) family 6 model 142 stepping 10 microcode 0xb4, cx8, cmov, fxsr, ht, mmx, 3dnowpref, sse, sse2, sse3, ssse3, sse4.1, sse4.2, popcnt, lzcnt, tsc, tscinvbit, avx, avx2, aes, erms, clmul, bmi1, bmi2, adx, fma, vzeroupper, clflush, clflushopt, hv, rdtscp, f16c
Processor Information for all 4 processors :
  Max Mhz: 2304, Current Mhz: 2304, Mhz Limit: 2304

Memory: 4k page, system-wide physical 3971M (421M free)
TotalPageFile size 4778M (AvailPageFile size 3M)
current process WorkingSet (physical memory assigned to process): 39M, peak: 39M
current process commit charge ("private bytes"): 137M, peak: 137M

vm_info: Java HotSpot(TM) 64-Bit Server VM (21.0.1+12-LTS-29) for windows-amd64 JRE (21.0.1+12-LTS-29), built on 2023-10-05T13:27:09Z by "mach5one" with MS VC++ 17.1 (VS2022)

END.
